[ 2016-06-22T13:46:34+08:00 ] 218.29.168.194 /admin.php?c=index
INFO: [ app_init ] --START--
INFO: Run Behavior\BuildLiteBehavior [ RunTime:0.000000s ]
INFO: [ app_init ] --END-- [ RunTime:0.000000s ]
INFO: [ app_begin ] --START--
INFO: Run Behavior\ReadHtmlCacheBehavior [ RunTime:0.000000s ]
INFO: [ app_begin ] --END-- [ RunTime:0.000000s ]
INFO: [ view_parse ] --START--
INFO: [ template_filter ] --START--
INFO: Run Behavior\ContentReplaceBehavior [ RunTime:0.000000s ]
INFO: [ template_filter ] --END-- [ RunTime:0.000000s ]
NOTIC: [2048] Declaration of Common\Model\MenuModel::find() should be compatible with that of Think\Model::find() D:\wwwroot\yh_nl0tam\web\Application\Common\Model\MenuModel.class.php 第 10 行.
SQL: SHOW COLUMNS FROM `cms_menu` [ RunTime:0.0000s ]
SQL: SELECT * FROM `cms_menu` WHERE `status` <> -1 AND `type` = 1 ORDER BY listorder desc,menu_id desc  [ RunTime:0.0000s ]
NOTIC: [8] Undefined index: a D:\wwwroot\yh_nl0tam\web\Application\Common\Common\function.php 第 34 行.
NOTIC: [8] Undefined index: a D:\wwwroot\yh_nl0tam\web\Application\Common\Common\function.php 第 34 行.
NOTIC: [8] Undefined index: a D:\wwwroot\yh_nl0tam\web\Application\Common\Common\function.php 第 34 行.
INFO: Run Behavior\ParseTemplateBehavior [ RunTime:0.046875s ]
INFO: [ view_parse ] --END-- [ RunTime:0.046875s ]
INFO: [ view_filter ] --START--
INFO: Run Behavior\WriteHtmlCacheBehavior [ RunTime:0.000000s ]
INFO: [ view_filter ] --END-- [ RunTime:0.000000s ]
INFO: [ app_end ] --START--
INFO: Run Behavior\ShowPageTraceBehavior [ RunTime:0.000000s ]
INFO: [ app_end ] --END-- [ RunTime:0.000000s ]

[ 2016-06-22T13:46:42+08:00 ] 218.29.168.194 /admin.php?c=menu
INFO: [ app_init ] --START--
INFO: Run Behavior\BuildLiteBehavior [ RunTime:0.000000s ]
INFO: [ app_init ] --END-- [ RunTime:0.000000s ]
INFO: [ app_begin ] --START--
INFO: Run Behavior\ReadHtmlCacheBehavior [ RunTime:0.000000s ]
INFO: [ app_begin ] --END-- [ RunTime:0.000000s ]
NOTIC: [8] Undefined index: p D:\wwwroot\yh_nl0tam\web\Application\Admin\Controller\MenuController.class.php 第 27 行.
NOTIC: [8] Undefined index: pageSize D:\wwwroot\yh_nl0tam\web\Application\Admin\Controller\MenuController.class.php 第 28 行.
NOTIC: [2048] Declaration of Common\Model\MenuModel::find() should be compatible with that of Think\Model::find() D:\wwwroot\yh_nl0tam\web\Application\Common\Model\MenuModel.class.php 第 10 行.
SQL: SHOW COLUMNS FROM `cms_menu` [ RunTime:0.0000s ]
SQL: SELECT * FROM `cms_menu` WHERE `status` <> -1 ORDER BY listorder desc,menu_id desc LIMIT 0,5   [ RunTime:0.0000s ]
SQL: SELECT COUNT(*) AS tp_count FROM `cms_menu` WHERE `status` <> -1 LIMIT 1   [ RunTime:0.0000s ]
INFO: [ view_parse ] --START--
INFO: [ template_filter ] --START--
INFO: Run Behavior\ContentReplaceBehavior [ RunTime:0.000000s ]
INFO: [ template_filter ] --END-- [ RunTime:0.000000s ]
SQL: SELECT * FROM `cms_menu` WHERE `status` <> -1 AND `type` = 1 ORDER BY listorder desc,menu_id desc  [ RunTime:0.0000s ]
NOTIC: [8] Undefined index: a D:\wwwroot\yh_nl0tam\web\Application\Common\Common\function.php 第 34 行.
NOTIC: [8] Undefined index: a D:\wwwroot\yh_nl0tam\web\Application\Common\Common\function.php 第 34 行.
NOTIC: [8] Undefined index: a D:\wwwroot\yh_nl0tam\web\Application\Common\Common\function.php 第 34 行.
INFO: Run Behavior\ParseTemplateBehavior [ RunTime:0.000000s ]
INFO: [ view_parse ] --END-- [ RunTime:0.000000s ]
INFO: [ view_filter ] --START--
INFO: Run Behavior\WriteHtmlCacheBehavior [ RunTime:0.015625s ]
INFO: [ view_filter ] --END-- [ RunTime:0.015625s ]
INFO: [ app_end ] --START--
INFO: Run Behavior\ShowPageTraceBehavior [ RunTime:0.000000s ]
INFO: [ app_end ] --END-- [ RunTime:0.000000s ]

[ 2016-06-22T13:46:44+08:00 ] 218.29.168.194 /admin.php?c=user
INFO: [ app_init ] --START--
INFO: Run Behavior\BuildLiteBehavior [ RunTime:0.000000s ]
INFO: [ app_init ] --END-- [ RunTime:0.000000s ]
INFO: [ app_begin ] --START--
INFO: Run Behavior\ReadHtmlCacheBehavior [ RunTime:0.000000s ]
INFO: [ app_begin ] --END-- [ RunTime:0.000000s ]
ERR: 无法加载控制器:User

[ 2016-06-22T13:47:42+08:00 ] 218.29.168.194 /admin.php?c=menu&a=edit&id=2
INFO: [ app_init ] --START--
INFO: Run Behavior\BuildLiteBehavior [ RunTime:0.000000s ]
INFO: [ app_init ] --END-- [ RunTime:0.000000s ]
INFO: [ app_begin ] --START--
INFO: Run Behavior\ReadHtmlCacheBehavior [ RunTime:0.000000s ]
INFO: [ app_begin ] --END-- [ RunTime:0.000000s ]
NOTIC: [2048] Declaration of Common\Model\MenuModel::find() should be compatible with that of Think\Model::find() D:\wwwroot\yh_nl0tam\web\Application\Common\Model\MenuModel.class.php 第 10 行.
SQL: SHOW COLUMNS FROM `cms_menu` [ RunTime:0.0000s ]
SQL: SELECT * FROM `cms_menu` WHERE ( menu_id=2 ) LIMIT 1   [ RunTime:0.0000s ]
INFO: [ view_parse ] --START--
INFO: [ template_filter ] --START--
INFO: Run Behavior\ContentReplaceBehavior [ RunTime:0.000000s ]
INFO: [ template_filter ] --END-- [ RunTime:0.000000s ]
SQL: SELECT * FROM `cms_menu` WHERE `status` <> -1 AND `type` = 1 ORDER BY listorder desc,menu_id desc  [ RunTime:0.0000s ]
NOTIC: [8] Undefined index: a D:\wwwroot\yh_nl0tam\web\Application\Common\Common\function.php 第 34 行.
NOTIC: [8] Undefined index: a D:\wwwroot\yh_nl0tam\web\Application\Common\Common\function.php 第 34 行.
NOTIC: [8] Undefined index: a D:\wwwroot\yh_nl0tam\web\Application\Common\Common\function.php 第 34 行.
NOTIC: [8] Undefined variable: menus D:\wwwroot\yh_nl0tam\web\Application\Runtime\Cache\Admin\a77aa83c121d51b6cd699ea2b65451f6.php 第 124 行.
INFO: Run Behavior\ParseTemplateBehavior [ RunTime:0.000000s ]
INFO: [ view_parse ] --END-- [ RunTime:0.000000s ]
INFO: [ view_filter ] --START--
INFO: Run Behavior\WriteHtmlCacheBehavior [ RunTime:0.000000s ]
INFO: [ view_filter ] --END-- [ RunTime:0.000000s ]
INFO: [ app_end ] --START--
INFO: Run Behavior\ShowPageTraceBehavior [ RunTime:0.000000s ]
INFO: [ app_end ] --END-- [ RunTime:0.000000s ]

[ 2016-06-22T13:48:16+08:00 ] 218.29.168.194 /admin.php?c=menu&a=add
INFO: [ app_init ] --START--
INFO: Run Behavior\BuildLiteBehavior [ RunTime:0.000000s ]
INFO: [ app_init ] --END-- [ RunTime:0.000000s ]
INFO: [ app_begin ] --START--
INFO: Run Behavior\ReadHtmlCacheBehavior [ RunTime:0.000000s ]
INFO: [ app_begin ] --END-- [ RunTime:0.000000s ]
NOTIC: [2048] Declaration of Common\Model\MenuModel::find() should be compatible with that of Think\Model::find() D:\wwwroot\yh_nl0tam\web\Application\Common\Model\MenuModel.class.php 第 10 行.
SQL: SHOW COLUMNS FROM `cms_menu` [ RunTime:0.0000s ]
SQL: UPDATE `cms_menu` SET `name`='文章管理',`type`='0',`m`='admin',`c`='content',`f`='index',`status`='1' WHERE ( menu_id=2 ) [ RunTime:0.0000s ]

[ 2016-06-22T13:48:17+08:00 ] 218.29.168.194 /admin.php?c=menu
INFO: [ app_init ] --START--
INFO: Run Behavior\BuildLiteBehavior [ RunTime:0.000000s ]
INFO: [ app_init ] --END-- [ RunTime:0.000000s ]
INFO: [ app_begin ] --START--
INFO: Run Behavior\ReadHtmlCacheBehavior [ RunTime:0.000000s ]
INFO: [ app_begin ] --END-- [ RunTime:0.000000s ]
NOTIC: [8] Undefined index: p D:\wwwroot\yh_nl0tam\web\Application\Admin\Controller\MenuController.class.php 第 27 行.
NOTIC: [8] Undefined index: pageSize D:\wwwroot\yh_nl0tam\web\Application\Admin\Controller\MenuController.class.php 第 28 行.
NOTIC: [2048] Declaration of Common\Model\MenuModel::find() should be compatible with that of Think\Model::find() D:\wwwroot\yh_nl0tam\web\Application\Common\Model\MenuModel.class.php 第 10 行.
SQL: SHOW COLUMNS FROM `cms_menu` [ RunTime:0.0000s ]
SQL: SELECT * FROM `cms_menu` WHERE `status` <> -1 ORDER BY listorder desc,menu_id desc LIMIT 0,5   [ RunTime:0.0000s ]
SQL: SELECT COUNT(*) AS tp_count FROM `cms_menu` WHERE `status` <> -1 LIMIT 1   [ RunTime:0.0000s ]
INFO: [ view_parse ] --START--
INFO: [ template_filter ] --START--
INFO: Run Behavior\ContentReplaceBehavior [ RunTime:0.000000s ]
INFO: [ template_filter ] --END-- [ RunTime:0.000000s ]
SQL: SELECT * FROM `cms_menu` WHERE `status` <> -1 AND `type` = 1 ORDER BY listorder desc,menu_id desc  [ RunTime:0.0000s ]
NOTIC: [8] Undefined index: a D:\wwwroot\yh_nl0tam\web\Application\Common\Common\function.php 第 34 行.
NOTIC: [8] Undefined index: a D:\wwwroot\yh_nl0tam\web\Application\Common\Common\function.php 第 34 行.
INFO: Run Behavior\ParseTemplateBehavior [ RunTime:0.000000s ]
INFO: [ view_parse ] --END-- [ RunTime:0.000000s ]
INFO: [ view_filter ] --START--
INFO: Run Behavior\WriteHtmlCacheBehavior [ RunTime:0.000000s ]
INFO: [ view_filter ] --END-- [ RunTime:0.000000s ]
INFO: [ app_end ] --START--
INFO: Run Behavior\ShowPageTraceBehavior [ RunTime:0.015625s ]
INFO: [ app_end ] --END-- [ RunTime:0.015625s ]

[ 2016-06-22T13:48:24+08:00 ] 218.29.168.194 /admin.php?c=menu&a=edit&id=2
INFO: [ app_init ] --START--
INFO: Run Behavior\BuildLiteBehavior [ RunTime:0.000000s ]
INFO: [ app_init ] --END-- [ RunTime:0.000000s ]
INFO: [ app_begin ] --START--
INFO: Run Behavior\ReadHtmlCacheBehavior [ RunTime:0.000000s ]
INFO: [ app_begin ] --END-- [ RunTime:0.000000s ]
NOTIC: [2048] Declaration of Common\Model\MenuModel::find() should be compatible with that of Think\Model::find() D:\wwwroot\yh_nl0tam\web\Application\Common\Model\MenuModel.class.php 第 10 行.
SQL: SHOW COLUMNS FROM `cms_menu` [ RunTime:0.0000s ]
SQL: SELECT * FROM `cms_menu` WHERE ( menu_id=2 ) LIMIT 1   [ RunTime:0.0000s ]
INFO: [ view_parse ] --START--
INFO: [ template_filter ] --START--
INFO: Run Behavior\ContentReplaceBehavior [ RunTime:0.000000s ]
INFO: [ template_filter ] --END-- [ RunTime:0.000000s ]
SQL: SELECT * FROM `cms_menu` WHERE `status` <> -1 AND `type` = 1 ORDER BY listorder desc,menu_id desc  [ RunTime:0.0000s ]
NOTIC: [8] Undefined index: a D:\wwwroot\yh_nl0tam\web\Application\Common\Common\function.php 第 34 行.
NOTIC: [8] Undefined index: a D:\wwwroot\yh_nl0tam\web\Application\Common\Common\function.php 第 34 行.
NOTIC: [8] Undefined variable: menus D:\wwwroot\yh_nl0tam\web\Application\Runtime\Cache\Admin\a77aa83c121d51b6cd699ea2b65451f6.php 第 124 行.
INFO: Run Behavior\ParseTemplateBehavior [ RunTime:0.000000s ]
INFO: [ view_parse ] --END-- [ RunTime:0.000000s ]
INFO: [ view_filter ] --START--
INFO: Run Behavior\WriteHtmlCacheBehavior [ RunTime:0.000000s ]
INFO: [ view_filter ] --END-- [ RunTime:0.000000s ]
INFO: [ app_end ] --START--
INFO: Run Behavior\ShowPageTraceBehavior [ RunTime:0.000000s ]
INFO: [ app_end ] --END-- [ RunTime:0.000000s ]

[ 2016-06-22T13:48:26+08:00 ] 218.29.168.194 /admin.php?c=menu&a=add
INFO: [ app_init ] --START--
INFO: Run Behavior\BuildLiteBehavior [ RunTime:0.000000s ]
INFO: [ app_init ] --END-- [ RunTime:0.000000s ]
INFO: [ app_begin ] --START--
INFO: Run Behavior\ReadHtmlCacheBehavior [ RunTime:0.000000s ]
INFO: [ app_begin ] --END-- [ RunTime:0.000000s ]
NOTIC: [2048] Declaration of Common\Model\MenuModel::find() should be compatible with that of Think\Model::find() D:\wwwroot\yh_nl0tam\web\Application\Common\Model\MenuModel.class.php 第 10 行.
SQL: SHOW COLUMNS FROM `cms_menu` [ RunTime:0.0000s ]
SQL: UPDATE `cms_menu` SET `name`='文章管理',`type`='1',`m`='admin',`c`='content',`f`='index',`status`='1' WHERE ( menu_id=2 ) [ RunTime:0.0000s ]

[ 2016-06-22T13:48:28+08:00 ] 218.29.168.194 /admin.php?c=menu
INFO: [ app_init ] --START--
INFO: Run Behavior\BuildLiteBehavior [ RunTime:0.000000s ]
INFO: [ app_init ] --END-- [ RunTime:0.000000s ]
INFO: [ app_begin ] --START--
INFO: Run Behavior\ReadHtmlCacheBehavior [ RunTime:0.000000s ]
INFO: [ app_begin ] --END-- [ RunTime:0.000000s ]
NOTIC: [8] Undefined index: p D:\wwwroot\yh_nl0tam\web\Application\Admin\Controller\MenuController.class.php 第 27 行.
NOTIC: [8] Undefined index: pageSize D:\wwwroot\yh_nl0tam\web\Application\Admin\Controller\MenuController.class.php 第 28 行.
NOTIC: [2048] Declaration of Common\Model\MenuModel::find() should be compatible with that of Think\Model::find() D:\wwwroot\yh_nl0tam\web\Application\Common\Model\MenuModel.class.php 第 10 行.
SQL: SHOW COLUMNS FROM `cms_menu` [ RunTime:0.0000s ]
SQL: SELECT * FROM `cms_menu` WHERE `status` <> -1 ORDER BY listorder desc,menu_id desc LIMIT 0,5   [ RunTime:0.0000s ]
SQL: SELECT COUNT(*) AS tp_count FROM `cms_menu` WHERE `status` <> -1 LIMIT 1   [ RunTime:0.0000s ]
INFO: [ view_parse ] --START--
INFO: [ template_filter ] --START--
INFO: Run Behavior\ContentReplaceBehavior [ RunTime:0.000000s ]
INFO: [ template_filter ] --END-- [ RunTime:0.000000s ]
SQL: SELECT * FROM `cms_menu` WHERE `status` <> -1 AND `type` = 1 ORDER BY listorder desc,menu_id desc  [ RunTime:0.0000s ]
NOTIC: [8] Undefined index: a D:\wwwroot\yh_nl0tam\web\Application\Common\Common\function.php 第 34 行.
NOTIC: [8] Undefined index: a D:\wwwroot\yh_nl0tam\web\Application\Common\Common\function.php 第 34 行.
NOTIC: [8] Undefined index: a D:\wwwroot\yh_nl0tam\web\Application\Common\Common\function.php 第 34 行.
INFO: Run Behavior\ParseTemplateBehavior [ RunTime:0.000000s ]
INFO: [ view_parse ] --END-- [ RunTime:0.000000s ]
INFO: [ view_filter ] --START--
INFO: Run Behavior\WriteHtmlCacheBehavior [ RunTime:0.000000s ]
INFO: [ view_filter ] --END-- [ RunTime:0.000000s ]
INFO: [ app_end ] --START--
INFO: Run Behavior\ShowPageTraceBehavior [ RunTime:0.015625s ]
INFO: [ app_end ] --END-- [ RunTime:0.015625s ]

