[ 2016-07-05T20:56:09+08:00 ] ::1 /admin.php?c=menu
INFO: [ app_init ] --START--
INFO: Run Behavior\BuildLiteBehavior [ RunTime:0.000037s ]
INFO: [ app_init ] --END-- [ RunTime:0.002287s ]
INFO: [ app_begin ] --START--
INFO: Run Behavior\ReadHtmlCacheBehavior [ RunTime:0.001247s ]
INFO: [ app_begin ] --END-- [ RunTime:0.001411s ]
NOTIC: [8] Undefined index: p C:\wamp\www\Application\Admin\Controller\MenuController.class.php 第 27 行.
NOTIC: [8] Undefined index: pageSize C:\wamp\www\Application\Admin\Controller\MenuController.class.php 第 28 行.
NOTIC: [2048] Declaration of Common\Model\MenuModel::find() should be compatible with Think\Model::find($options = Array) C:\wamp\www\Application\Common\Model\MenuModel.class.php 第 10 行.
SQL: SHOW COLUMNS FROM `cms_menu` [ RunTime:0.0866s ]
SQL: SELECT * FROM `cms_menu` WHERE `status` <> -1 ORDER BY listorder desc,menu_id desc LIMIT 0,5   [ RunTime:0.1024s ]
SQL: SELECT COUNT(*) AS tp_count FROM `cms_menu` WHERE `status` <> -1 LIMIT 1   [ RunTime:0.0304s ]
INFO: [ view_parse ] --START--
INFO: [ template_filter ] --START--
INFO: Run Behavior\ContentReplaceBehavior [ RunTime:0.000950s ]
INFO: [ template_filter ] --END-- [ RunTime:0.001125s ]
SQL: SELECT * FROM `cms_menu` WHERE `status` <> -1 AND `type` = 1 ORDER BY listorder desc,menu_id desc  [ RunTime:0.0307s ]
NOTIC: [8] Undefined index: a C:\wamp\www\Application\Common\Common\function.php 第 34 行.
NOTIC: [8] Undefined index: a C:\wamp\www\Application\Common\Common\function.php 第 34 行.
NOTIC: [8] Undefined index: a C:\wamp\www\Application\Common\Common\function.php 第 34 行.
NOTIC: [8] Array to string conversion C:\wamp\www\Application\Runtime\Cache\Admin\b956215329b6f9aca22277599a4efdfc.php 第 102 行.
INFO: Run Behavior\ParseTemplateBehavior [ RunTime:0.057539s ]
INFO: [ view_parse ] --END-- [ RunTime:0.057717s ]
INFO: [ view_filter ] --START--
INFO: Run Behavior\WriteHtmlCacheBehavior [ RunTime:0.001535s ]
INFO: [ view_filter ] --END-- [ RunTime:0.001697s ]
INFO: [ app_end ] --START--
INFO: Run Behavior\ShowPageTraceBehavior [ RunTime:0.002173s ]
INFO: [ app_end ] --END-- [ RunTime:0.002488s ]

[ 2016-07-05T20:56:12+08:00 ] ::1 /admin.php?c=user
INFO: [ app_init ] --START--
INFO: Run Behavior\BuildLiteBehavior [ RunTime:0.000036s ]
INFO: [ app_init ] --END-- [ RunTime:0.000686s ]
INFO: [ app_begin ] --START--
INFO: Run Behavior\ReadHtmlCacheBehavior [ RunTime:0.000879s ]
INFO: [ app_begin ] --END-- [ RunTime:0.001042s ]
ERR: 无法加载控制器:User

[ 2016-07-05T20:56:17+08:00 ] ::1 /admin.php?c=content
INFO: [ app_init ] --START--
INFO: Run Behavior\BuildLiteBehavior [ RunTime:0.000038s ]
INFO: [ app_init ] --END-- [ RunTime:0.000751s ]
INFO: [ app_begin ] --START--
INFO: Run Behavior\ReadHtmlCacheBehavior [ RunTime:0.000986s ]
INFO: [ app_begin ] --END-- [ RunTime:0.001179s ]
NOTIC: [8] Undefined variable: module C:\wamp\www\ThinkPHP\Common\functions.php 第 990 行.
NOTIC: [8] Undefined variable: var C:\wamp\www\ThinkPHP\Common\functions.php 第 990 行.
NOTIC: [2] array_reverse() expects parameter 1 to be array, null given C:\wamp\www\ThinkPHP\Common\functions.php 第 990 行.
NOTIC: [2] http_build_query(): Parameter 1 expected to be Array or Object.  Incorrect value given C:\wamp\www\ThinkPHP\Common\functions.php 第 990 行.

[ 2016-07-05T20:56:17+08:00 ] ::1 /admin.php?m=&&c=login
INFO: [ app_init ] --START--
INFO: Run Behavior\BuildLiteBehavior [ RunTime:0.000036s ]
INFO: [ app_init ] --END-- [ RunTime:0.000645s ]
INFO: [ app_begin ] --START--
INFO: Run Behavior\ReadHtmlCacheBehavior [ RunTime:0.000776s ]
INFO: [ app_begin ] --END-- [ RunTime:0.000940s ]
INFO: [ view_parse ] --START--
INFO: [ template_filter ] --START--
INFO: Run Behavior\ContentReplaceBehavior [ RunTime:0.000175s ]
INFO: [ template_filter ] --END-- [ RunTime:0.000458s ]
INFO: Run Behavior\ParseTemplateBehavior [ RunTime:0.009608s ]
INFO: [ view_parse ] --END-- [ RunTime:0.009874s ]
INFO: [ view_filter ] --START--
INFO: Run Behavior\WriteHtmlCacheBehavior [ RunTime:0.000711s ]
INFO: [ view_filter ] --END-- [ RunTime:0.000871s ]
INFO: [ app_end ] --START--
INFO: Run Behavior\ShowPageTraceBehavior [ RunTime:0.000814s ]
INFO: [ app_end ] --END-- [ RunTime:0.000964s ]

[ 2016-07-05T20:56:17+08:00 ] ::1 /admin.php?m=&&c=login
INFO: [ app_init ] --START--
INFO: Run Behavior\BuildLiteBehavior [ RunTime:0.000077s ]
INFO: [ app_init ] --END-- [ RunTime:0.000999s ]
INFO: [ app_begin ] --START--
INFO: Run Behavior\ReadHtmlCacheBehavior [ RunTime:0.000754s ]
INFO: [ app_begin ] --END-- [ RunTime:0.000937s ]
INFO: [ view_parse ] --START--
INFO: [ template_filter ] --START--
INFO: Run Behavior\ContentReplaceBehavior [ RunTime:0.000158s ]
INFO: [ template_filter ] --END-- [ RunTime:0.000463s ]
INFO: Run Behavior\ParseTemplateBehavior [ RunTime:0.010637s ]
INFO: [ view_parse ] --END-- [ RunTime:0.010993s ]
INFO: [ view_filter ] --START--
INFO: Run Behavior\WriteHtmlCacheBehavior [ RunTime:0.000802s ]
INFO: [ view_filter ] --END-- [ RunTime:0.001045s ]
INFO: [ app_end ] --START--
INFO: Run Behavior\ShowPageTraceBehavior [ RunTime:0.001183s ]
INFO: [ app_end ] --END-- [ RunTime:0.001482s ]

[ 2016-07-05T20:56:54+08:00 ] ::1 /admin.php?c=login&a=check
INFO: [ app_init ] --START--
INFO: Run Behavior\BuildLiteBehavior [ RunTime:0.000047s ]
INFO: [ app_init ] --END-- [ RunTime:0.000668s ]
INFO: [ app_begin ] --START--
INFO: Run Behavior\ReadHtmlCacheBehavior [ RunTime:0.000812s ]
INFO: [ app_begin ] --END-- [ RunTime:0.000947s ]
SQL: SHOW COLUMNS FROM `cms_admin` [ RunTime:0.0998s ]
SQL: SELECT * FROM `cms_admin` WHERE ( username="admin" ) LIMIT 1   [ RunTime:0.0491s ]

[ 2016-07-05T20:56:55+08:00 ] ::1 /admin.php?c=index
INFO: [ app_init ] --START--
INFO: Run Behavior\BuildLiteBehavior [ RunTime:0.000038s ]
INFO: [ app_init ] --END-- [ RunTime:0.000704s ]
INFO: [ app_begin ] --START--
INFO: Run Behavior\ReadHtmlCacheBehavior [ RunTime:0.000726s ]
INFO: [ app_begin ] --END-- [ RunTime:0.000889s ]
INFO: [ view_parse ] --START--
INFO: [ template_filter ] --START--
INFO: Run Behavior\ContentReplaceBehavior [ RunTime:0.000141s ]
INFO: [ template_filter ] --END-- [ RunTime:0.000311s ]
NOTIC: [2048] Declaration of Common\Model\MenuModel::find() should be compatible with Think\Model::find($options = Array) C:\wamp\www\Application\Common\Model\MenuModel.class.php 第 10 行.
SQL: SHOW COLUMNS FROM `cms_menu` [ RunTime:0.0240s ]
SQL: SELECT * FROM `cms_menu` WHERE `status` <> -1 AND `type` = 1 ORDER BY listorder desc,menu_id desc  [ RunTime:0.0190s ]
NOTIC: [8] Undefined index: a C:\wamp\www\Application\Common\Common\function.php 第 34 行.
NOTIC: [8] Undefined index: a C:\wamp\www\Application\Common\Common\function.php 第 34 行.
NOTIC: [8] Undefined index: a C:\wamp\www\Application\Common\Common\function.php 第 34 行.
INFO: Run Behavior\ParseTemplateBehavior [ RunTime:0.150734s ]
INFO: [ view_parse ] --END-- [ RunTime:0.150903s ]
INFO: [ view_filter ] --START--
INFO: Run Behavior\WriteHtmlCacheBehavior [ RunTime:0.000759s ]
INFO: [ view_filter ] --END-- [ RunTime:0.000915s ]
INFO: [ app_end ] --START--
INFO: Run Behavior\ShowPageTraceBehavior [ RunTime:0.001093s ]
INFO: [ app_end ] --END-- [ RunTime:0.001268s ]

[ 2016-07-05T20:56:57+08:00 ] ::1 /admin.php?c=content
INFO: [ app_init ] --START--
INFO: Run Behavior\BuildLiteBehavior [ RunTime:0.000037s ]
INFO: [ app_init ] --END-- [ RunTime:0.000634s ]
INFO: [ app_begin ] --START--
INFO: Run Behavior\ReadHtmlCacheBehavior [ RunTime:0.000700s ]
INFO: [ app_begin ] --END-- [ RunTime:0.000861s ]
NOTIC: [8] Undefined index: title C:\wamp\www\Application\Admin\Controller\ContentController.class.php 第 12 行.
NOTIC: [8] Undefined index: catid C:\wamp\www\Application\Admin\Controller\ContentController.class.php 第 16 行.
NOTIC: [8] Undefined index: p C:\wamp\www\Application\Admin\Controller\ContentController.class.php 第 20 行.
NOTIC: [8] Undefined index: pageSize C:\wamp\www\Application\Admin\Controller\ContentController.class.php 第 21 行.
SQL: SHOW COLUMNS FROM `cms_news` [ RunTime:0.0578s ]
SQL: SELECT * FROM `cms_news` WHERE `status` <> -1 ORDER BY listorder desc,news_id desc LIMIT 0,1   [ RunTime:0.0313s ]
SQL: SELECT COUNT(*) AS tp_count FROM `cms_news` WHERE `status` <> -1 LIMIT 1   [ RunTime:0.0293s ]
NOTIC: [2048] Declaration of Common\Model\MenuModel::find() should be compatible with Think\Model::find($options = Array) C:\wamp\www\Application\Common\Model\MenuModel.class.php 第 86 行.
SQL: SHOW COLUMNS FROM `cms_menu` [ RunTime:0.0313s ]
SQL: SELECT * FROM `cms_menu` WHERE `status` <> -1 AND `type` = 0 ORDER BY listorder desc,menu_id desc  [ RunTime:0.0294s ]
INFO: [ view_parse ] --START--
INFO: [ template_filter ] --START--
INFO: Run Behavior\ContentReplaceBehavior [ RunTime:0.000146s ]
INFO: [ template_filter ] --END-- [ RunTime:0.000321s ]
SQL: SELECT * FROM `cms_menu` WHERE `status` <> -1 AND `type` = 1 ORDER BY listorder desc,menu_id desc  [ RunTime:0.0291s ]
NOTIC: [8] Undefined index: a C:\wamp\www\Application\Common\Common\function.php 第 34 行.
NOTIC: [8] Undefined index: a C:\wamp\www\Application\Common\Common\function.php 第 34 行.
NOTIC: [8] Undefined index: a C:\wamp\www\Application\Common\Common\function.php 第 34 行.
INFO: Run Behavior\ParseTemplateBehavior [ RunTime:0.048488s ]
INFO: [ view_parse ] --END-- [ RunTime:0.048653s ]
INFO: [ view_filter ] --START--
INFO: Run Behavior\WriteHtmlCacheBehavior [ RunTime:0.000698s ]
INFO: [ view_filter ] --END-- [ RunTime:0.000844s ]
INFO: [ app_end ] --START--
INFO: Run Behavior\ShowPageTraceBehavior [ RunTime:0.000845s ]
INFO: [ app_end ] --END-- [ RunTime:0.000992s ]

[ 2016-07-05T21:03:24+08:00 ] ::1 /admin.php?c=content&a=edit&id=12
INFO: [ app_init ] --START--
INFO: Run Behavior\BuildLiteBehavior [ RunTime:0.000037s ]
INFO: [ app_init ] --END-- [ RunTime:0.000747s ]
INFO: [ app_begin ] --START--
INFO: Run Behavior\ReadHtmlCacheBehavior [ RunTime:0.000822s ]
INFO: [ app_begin ] --END-- [ RunTime:0.000985s ]
ERR: 模板不存在:./Application/Admin/View/Content/edit.html

[ 2016-07-05T21:21:59+08:00 ] ::1 /admin.php?c=content&a=edit&id=12
INFO: [ app_init ] --START--
INFO: Run Behavior\BuildLiteBehavior [ RunTime:0.000039s ]
INFO: [ app_init ] --END-- [ RunTime:0.000788s ]
INFO: [ app_begin ] --START--
INFO: Run Behavior\ReadHtmlCacheBehavior [ RunTime:0.000883s ]
INFO: [ app_begin ] --END-- [ RunTime:0.001052s ]
INFO: [ view_parse ] --START--
INFO: [ template_filter ] --START--
INFO: Run Behavior\ContentReplaceBehavior [ RunTime:0.000136s ]
INFO: [ template_filter ] --END-- [ RunTime:0.000310s ]
NOTIC: [2048] Declaration of Common\Model\MenuModel::find() should be compatible with Think\Model::find($options = Array) C:\wamp\www\Application\Common\Model\MenuModel.class.php 第 10 行.
SQL: SHOW COLUMNS FROM `cms_menu` [ RunTime:0.0367s ]
SQL: SELECT * FROM `cms_menu` WHERE `status` <> -1 AND `type` = 1 ORDER BY listorder desc,menu_id desc  [ RunTime:0.0336s ]
NOTIC: [8] Undefined index: a C:\wamp\www\Application\Common\Common\function.php 第 34 行.
NOTIC: [8] Undefined index: a C:\wamp\www\Application\Common\Common\function.php 第 34 行.
NOTIC: [8] Undefined index: a C:\wamp\www\Application\Common\Common\function.php 第 34 行.
NOTIC: [8] Undefined variable: titleFontColor C:\wamp\www\Application\Runtime\Cache\Admin\c9346596b4ea11ecbab575e85e082471.php 第 136 行.
NOTIC: [8] Undefined variable: webSiteMenu C:\wamp\www\Application\Runtime\Cache\Admin\c9346596b4ea11ecbab575e85e082471.php 第 146 行.
NOTIC: [8] Undefined variable: copyForm C:\wamp\www\Application\Runtime\Cache\Admin\c9346596b4ea11ecbab575e85e082471.php 第 156 行.
INFO: Run Behavior\ParseTemplateBehavior [ RunTime:0.310592s ]
INFO: [ view_parse ] --END-- [ RunTime:0.310758s ]
INFO: [ view_filter ] --START--
INFO: Run Behavior\WriteHtmlCacheBehavior [ RunTime:0.000770s ]
INFO: [ view_filter ] --END-- [ RunTime:0.000920s ]
INFO: [ app_end ] --START--
INFO: Run Behavior\ShowPageTraceBehavior [ RunTime:0.000926s ]
INFO: [ app_end ] --END-- [ RunTime:0.001076s ]

[ 2016-07-05T21:44:50+08:00 ] ::1 /admin.php?c=content&a=edit&id=12
INFO: [ app_init ] --START--
INFO: Run Behavior\BuildLiteBehavior [ RunTime:0.000037s ]
INFO: [ app_init ] --END-- [ RunTime:0.000762s ]
INFO: [ app_begin ] --START--
INFO: Run Behavior\ReadHtmlCacheBehavior [ RunTime:0.001007s ]
INFO: [ app_begin ] --END-- [ RunTime:0.001219s ]
NOTIC: [2048] Declaration of Common\Model\NewsModel::find() should be compatible with Think\Model::find($options = Array) C:\wamp\www\Application\Common\Model\NewsModel.class.php 第 5 行.
SQL: SHOW COLUMNS FROM `cms_news` [ RunTime:0.0313s ]
SQL: SELECT * FROM `cms_news` WHERE ( news_id=12 ) LIMIT 1   [ RunTime:0.0300s ]
NOTIC: [8] Undefined variable: module C:\wamp\www\ThinkPHP\Common\functions.php 第 990 行.
NOTIC: [8] Undefined variable: var C:\wamp\www\ThinkPHP\Common\functions.php 第 990 行.
NOTIC: [2] array_reverse() expects parameter 1 to be array, null given C:\wamp\www\ThinkPHP\Common\functions.php 第 990 行.
NOTIC: [2] http_build_query(): Parameter 1 expected to be Array or Object.  Incorrect value given C:\wamp\www\ThinkPHP\Common\functions.php 第 990 行.

[ 2016-07-05T21:44:51+08:00 ] ::1 /admin.php?m=&&c=content
INFO: [ app_init ] --START--
INFO: Run Behavior\BuildLiteBehavior [ RunTime:0.000040s ]
INFO: [ app_init ] --END-- [ RunTime:0.000733s ]
INFO: [ app_begin ] --START--
INFO: Run Behavior\ReadHtmlCacheBehavior [ RunTime:0.000762s ]
INFO: [ app_begin ] --END-- [ RunTime:0.000936s ]
NOTIC: [8] Undefined index: title C:\wamp\www\Application\Admin\Controller\ContentController.class.php 第 13 行.
NOTIC: [8] Undefined index: catid C:\wamp\www\Application\Admin\Controller\ContentController.class.php 第 17 行.
NOTIC: [8] Undefined index: p C:\wamp\www\Application\Admin\Controller\ContentController.class.php 第 21 行.
NOTIC: [8] Undefined index: pageSize C:\wamp\www\Application\Admin\Controller\ContentController.class.php 第 22 行.
NOTIC: [2048] Declaration of Common\Model\NewsModel::find() should be compatible with Think\Model::find($options = Array) C:\wamp\www\Application\Common\Model\NewsModel.class.php 第 5 行.
SQL: SHOW COLUMNS FROM `cms_news` [ RunTime:0.0308s ]
SQL: SELECT * FROM `cms_news` WHERE `status` <> -1 ORDER BY listorder desc,news_id desc LIMIT 0,1   [ RunTime:0.0291s ]
SQL: SELECT COUNT(*) AS tp_count FROM `cms_news` WHERE `status` <> -1 LIMIT 1   [ RunTime:0.0289s ]
NOTIC: [2048] Declaration of Common\Model\MenuModel::find() should be compatible with Think\Model::find($options = Array) C:\wamp\www\Application\Common\Model\MenuModel.class.php 第 86 行.
SQL: SHOW COLUMNS FROM `cms_menu` [ RunTime:0.0307s ]
SQL: SELECT * FROM `cms_menu` WHERE `status` <> -1 AND `type` = 0 ORDER BY listorder desc,menu_id desc  [ RunTime:0.0294s ]
INFO: [ view_parse ] --START--
INFO: [ template_filter ] --START--
INFO: Run Behavior\ContentReplaceBehavior [ RunTime:0.000142s ]
INFO: [ template_filter ] --END-- [ RunTime:0.000299s ]
SQL: SELECT * FROM `cms_menu` WHERE `status` <> -1 AND `type` = 1 ORDER BY listorder desc,menu_id desc  [ RunTime:0.0291s ]
NOTIC: [8] Undefined index: a C:\wamp\www\Application\Common\Common\function.php 第 34 行.
NOTIC: [8] Undefined index: a C:\wamp\www\Application\Common\Common\function.php 第 34 行.
NOTIC: [8] Undefined index: a C:\wamp\www\Application\Common\Common\function.php 第 34 行.
INFO: Run Behavior\ParseTemplateBehavior [ RunTime:0.049833s ]
INFO: [ view_parse ] --END-- [ RunTime:0.050001s ]
INFO: [ view_filter ] --START--
INFO: Run Behavior\WriteHtmlCacheBehavior [ RunTime:0.000719s ]
INFO: [ view_filter ] --END-- [ RunTime:0.000871s ]
INFO: [ app_end ] --START--
INFO: Run Behavior\ShowPageTraceBehavior [ RunTime:0.000811s ]
INFO: [ app_end ] --END-- [ RunTime:0.000965s ]

[ 2016-07-05T21:44:52+08:00 ] ::1 /admin.php?c=content&a=edit&id=12
INFO: [ app_init ] --START--
INFO: Run Behavior\BuildLiteBehavior [ RunTime:0.000040s ]
INFO: [ app_init ] --END-- [ RunTime:0.000834s ]
INFO: [ app_begin ] --START--
INFO: Run Behavior\ReadHtmlCacheBehavior [ RunTime:0.000868s ]
INFO: [ app_begin ] --END-- [ RunTime:0.001036s ]
NOTIC: [2048] Declaration of Common\Model\NewsModel::find() should be compatible with Think\Model::find($options = Array) C:\wamp\www\Application\Common\Model\NewsModel.class.php 第 5 行.
SQL: SHOW COLUMNS FROM `cms_news` [ RunTime:0.0300s ]
SQL: SELECT * FROM `cms_news` WHERE ( news_id=12 ) LIMIT 1   [ RunTime:0.0289s ]
NOTIC: [8] Undefined variable: module C:\wamp\www\ThinkPHP\Common\functions.php 第 990 行.
NOTIC: [8] Undefined variable: var C:\wamp\www\ThinkPHP\Common\functions.php 第 990 行.
NOTIC: [2] array_reverse() expects parameter 1 to be array, null given C:\wamp\www\ThinkPHP\Common\functions.php 第 990 行.
NOTIC: [2] http_build_query(): Parameter 1 expected to be Array or Object.  Incorrect value given C:\wamp\www\ThinkPHP\Common\functions.php 第 990 行.

[ 2016-07-05T21:44:53+08:00 ] ::1 /admin.php?m=&&c=content
INFO: [ app_init ] --START--
INFO: Run Behavior\BuildLiteBehavior [ RunTime:0.000036s ]
INFO: [ app_init ] --END-- [ RunTime:0.000640s ]
INFO: [ app_begin ] --START--
INFO: Run Behavior\ReadHtmlCacheBehavior [ RunTime:0.000793s ]
INFO: [ app_begin ] --END-- [ RunTime:0.000967s ]
NOTIC: [8] Undefined index: title C:\wamp\www\Application\Admin\Controller\ContentController.class.php 第 13 行.
NOTIC: [8] Undefined index: catid C:\wamp\www\Application\Admin\Controller\ContentController.class.php 第 17 行.
NOTIC: [8] Undefined index: p C:\wamp\www\Application\Admin\Controller\ContentController.class.php 第 21 行.
NOTIC: [8] Undefined index: pageSize C:\wamp\www\Application\Admin\Controller\ContentController.class.php 第 22 行.
NOTIC: [2048] Declaration of Common\Model\NewsModel::find() should be compatible with Think\Model::find($options = Array) C:\wamp\www\Application\Common\Model\NewsModel.class.php 第 5 行.
SQL: SHOW COLUMNS FROM `cms_news` [ RunTime:0.0209s ]
SQL: SELECT * FROM `cms_news` WHERE `status` <> -1 ORDER BY listorder desc,news_id desc LIMIT 0,1   [ RunTime:0.0191s ]
SQL: SELECT COUNT(*) AS tp_count FROM `cms_news` WHERE `status` <> -1 LIMIT 1   [ RunTime:0.0193s ]
NOTIC: [2048] Declaration of Common\Model\MenuModel::find() should be compatible with Think\Model::find($options = Array) C:\wamp\www\Application\Common\Model\MenuModel.class.php 第 86 行.
SQL: SHOW COLUMNS FROM `cms_menu` [ RunTime:0.0202s ]
SQL: SELECT * FROM `cms_menu` WHERE `status` <> -1 AND `type` = 0 ORDER BY listorder desc,menu_id desc  [ RunTime:0.0192s ]
INFO: [ view_parse ] --START--
INFO: [ template_filter ] --START--
INFO: Run Behavior\ContentReplaceBehavior [ RunTime:0.000235s ]
INFO: [ template_filter ] --END-- [ RunTime:0.000528s ]
SQL: SELECT * FROM `cms_menu` WHERE `status` <> -1 AND `type` = 1 ORDER BY listorder desc,menu_id desc  [ RunTime:0.0233s ]
NOTIC: [8] Undefined index: a C:\wamp\www\Application\Common\Common\function.php 第 34 行.
NOTIC: [8] Undefined index: a C:\wamp\www\Application\Common\Common\function.php 第 34 行.
NOTIC: [8] Undefined index: a C:\wamp\www\Application\Common\Common\function.php 第 34 行.
INFO: Run Behavior\ParseTemplateBehavior [ RunTime:0.044873s ]
INFO: [ view_parse ] --END-- [ RunTime:0.045037s ]
INFO: [ view_filter ] --START--
INFO: Run Behavior\WriteHtmlCacheBehavior [ RunTime:0.000727s ]
INFO: [ view_filter ] --END-- [ RunTime:0.000874s ]
INFO: [ app_end ] --START--
INFO: Run Behavior\ShowPageTraceBehavior [ RunTime:0.000840s ]
INFO: [ app_end ] --END-- [ RunTime:0.000996s ]

[ 2016-07-05T21:45:07+08:00 ] ::1 /admin.php?c=content&a=edit&id=12
INFO: [ app_init ] --START--
INFO: Run Behavior\BuildLiteBehavior [ RunTime:0.000039s ]
INFO: [ app_init ] --END-- [ RunTime:0.000744s ]
INFO: [ app_begin ] --START--
INFO: Run Behavior\ReadHtmlCacheBehavior [ RunTime:0.000882s ]
INFO: [ app_begin ] --END-- [ RunTime:0.001149s ]
NOTIC: [2048] Declaration of Common\Model\NewsModel::find() should be compatible with Think\Model::find($options = Array) C:\wamp\www\Application\Common\Model\NewsModel.class.php 第 5 行.
SQL: SHOW COLUMNS FROM `cms_news` [ RunTime:0.0200s ]
SQL: SELECT * FROM `cms_news` WHERE ( news_id=12 ) LIMIT 1   [ RunTime:0.0203s ]
NOTIC: [8] Undefined variable: module C:\wamp\www\ThinkPHP\Common\functions.php 第 990 行.
NOTIC: [8] Undefined variable: var C:\wamp\www\ThinkPHP\Common\functions.php 第 990 行.
NOTIC: [2] array_reverse() expects parameter 1 to be array, null given C:\wamp\www\ThinkPHP\Common\functions.php 第 990 行.
NOTIC: [2] http_build_query(): Parameter 1 expected to be Array or Object.  Incorrect value given C:\wamp\www\ThinkPHP\Common\functions.php 第 990 行.

[ 2016-07-05T21:45:07+08:00 ] ::1 /admin.php?m=&&c=content
INFO: [ app_init ] --START--
INFO: Run Behavior\BuildLiteBehavior [ RunTime:0.000039s ]
INFO: [ app_init ] --END-- [ RunTime:0.000626s ]
INFO: [ app_begin ] --START--
INFO: Run Behavior\ReadHtmlCacheBehavior [ RunTime:0.000749s ]
INFO: [ app_begin ] --END-- [ RunTime:0.000922s ]
NOTIC: [8] Undefined index: title C:\wamp\www\Application\Admin\Controller\ContentController.class.php 第 13 行.
NOTIC: [8] Undefined index: catid C:\wamp\www\Application\Admin\Controller\ContentController.class.php 第 17 行.
NOTIC: [8] Undefined index: p C:\wamp\www\Application\Admin\Controller\ContentController.class.php 第 21 行.
NOTIC: [8] Undefined index: pageSize C:\wamp\www\Application\Admin\Controller\ContentController.class.php 第 22 行.
NOTIC: [2048] Declaration of Common\Model\NewsModel::find() should be compatible with Think\Model::find($options = Array) C:\wamp\www\Application\Common\Model\NewsModel.class.php 第 5 行.
SQL: SHOW COLUMNS FROM `cms_news` [ RunTime:0.0323s ]
SQL: SELECT * FROM `cms_news` WHERE `status` <> -1 ORDER BY listorder desc,news_id desc LIMIT 0,1   [ RunTime:0.0292s ]
SQL: SELECT COUNT(*) AS tp_count FROM `cms_news` WHERE `status` <> -1 LIMIT 1   [ RunTime:0.0288s ]
NOTIC: [2048] Declaration of Common\Model\MenuModel::find() should be compatible with Think\Model::find($options = Array) C:\wamp\www\Application\Common\Model\MenuModel.class.php 第 86 行.
SQL: SHOW COLUMNS FROM `cms_menu` [ RunTime:0.0345s ]
SQL: SELECT * FROM `cms_menu` WHERE `status` <> -1 AND `type` = 0 ORDER BY listorder desc,menu_id desc  [ RunTime:0.0306s ]
INFO: [ view_parse ] --START--
INFO: [ template_filter ] --START--
INFO: Run Behavior\ContentReplaceBehavior [ RunTime:0.000151s ]
INFO: [ template_filter ] --END-- [ RunTime:0.000321s ]
SQL: SELECT * FROM `cms_menu` WHERE `status` <> -1 AND `type` = 1 ORDER BY listorder desc,menu_id desc  [ RunTime:0.0288s ]
NOTIC: [8] Undefined index: a C:\wamp\www\Application\Common\Common\function.php 第 34 行.
NOTIC: [8] Undefined index: a C:\wamp\www\Application\Common\Common\function.php 第 34 行.
NOTIC: [8] Undefined index: a C:\wamp\www\Application\Common\Common\function.php 第 34 行.
INFO: Run Behavior\ParseTemplateBehavior [ RunTime:0.050818s ]
INFO: [ view_parse ] --END-- [ RunTime:0.050997s ]
INFO: [ view_filter ] --START--
INFO: Run Behavior\WriteHtmlCacheBehavior [ RunTime:0.000741s ]
INFO: [ view_filter ] --END-- [ RunTime:0.000902s ]
INFO: [ app_end ] --START--
INFO: Run Behavior\ShowPageTraceBehavior [ RunTime:0.000927s ]
INFO: [ app_end ] --END-- [ RunTime:0.001092s ]

[ 2016-07-05T21:46:26+08:00 ] ::1 /admin.php?c=content&a=edit&id=12
INFO: [ app_init ] --START--
INFO: Run Behavior\BuildLiteBehavior [ RunTime:0.000036s ]
INFO: [ app_init ] --END-- [ RunTime:0.000661s ]
INFO: [ app_begin ] --START--
INFO: Run Behavior\ReadHtmlCacheBehavior [ RunTime:0.000699s ]
INFO: [ app_begin ] --END-- [ RunTime:0.000868s ]
NOTIC: [2048] Declaration of Common\Model\NewsModel::find() should be compatible with Think\Model::find($options = Array) C:\wamp\www\Application\Common\Model\NewsModel.class.php 第 5 行.
SQL: SHOW COLUMNS FROM `cms_news` [ RunTime:0.0311s ]
SQL: SELECT * FROM `cms_news` WHERE ( news_id=12 ) LIMIT 1   [ RunTime:0.0332s ]
NOTIC: [2048] Declaration of Common\Model\NewsContentModel::find() should be compatible with Think\Model::find($options = Array) C:\wamp\www\Application\Common\Model\NewsContentModel.class.php 第 24 行.
SQL: SHOW COLUMNS FROM `cms_news_content` [ RunTime:0.0734s ]
SQL: SELECT * FROM `cms_news_content` WHERE ( news_id=12 ) LIMIT 1   [ RunTime:0.1016s ]
NOTIC: [2048] Declaration of Common\Model\MenuModel::find() should be compatible with Think\Model::find($options = Array) C:\wamp\www\Application\Common\Model\MenuModel.class.php 第 86 行.
SQL: SHOW COLUMNS FROM `cms_menu` [ RunTime:0.0310s ]
SQL: SELECT * FROM `cms_menu` WHERE `status` <> -1 AND `type` = 0 ORDER BY listorder desc,menu_id desc  [ RunTime:0.0304s ]
INFO: [ view_parse ] --START--
INFO: [ template_filter ] --START--
INFO: Run Behavior\ContentReplaceBehavior [ RunTime:0.000138s ]
INFO: [ template_filter ] --END-- [ RunTime:0.000292s ]
SQL: SELECT * FROM `cms_menu` WHERE `status` <> -1 AND `type` = 1 ORDER BY listorder desc,menu_id desc  [ RunTime:0.0297s ]
NOTIC: [8] Undefined index: a C:\wamp\www\Application\Common\Common\function.php 第 34 行.
NOTIC: [8] Undefined index: a C:\wamp\www\Application\Common\Common\function.php 第 34 行.
NOTIC: [8] Undefined index: a C:\wamp\www\Application\Common\Common\function.php 第 34 行.
NOTIC: [8] Undefined variable: copyForm C:\wamp\www\Application\Runtime\Cache\Admin\c9346596b4ea11ecbab575e85e082471.php 第 156 行.
INFO: Run Behavior\ParseTemplateBehavior [ RunTime:0.048828s ]
INFO: [ view_parse ] --END-- [ RunTime:0.048983s ]
INFO: [ view_filter ] --START--
INFO: Run Behavior\WriteHtmlCacheBehavior [ RunTime:0.000845s ]
INFO: [ view_filter ] --END-- [ RunTime:0.000990s ]
INFO: [ app_end ] --START--
INFO: Run Behavior\ShowPageTraceBehavior [ RunTime:0.001116s ]
INFO: [ app_end ] --END-- [ RunTime:0.001337s ]

[ 2016-07-05T21:51:59+08:00 ] ::1 /admin.php?c=content&a=edit&id=12
INFO: [ app_init ] --START--
INFO: Run Behavior\BuildLiteBehavior [ RunTime:0.000048s ]
INFO: [ app_init ] --END-- [ RunTime:0.001112s ]
INFO: [ app_begin ] --START--
INFO: Run Behavior\ReadHtmlCacheBehavior [ RunTime:0.001034s ]
INFO: [ app_begin ] --END-- [ RunTime:0.001223s ]
NOTIC: [2048] Declaration of Common\Model\NewsModel::find() should be compatible with Think\Model::find($options = Array) C:\wamp\www\Application\Common\Model\NewsModel.class.php 第 5 行.
SQL: SHOW COLUMNS FROM `cms_news` [ RunTime:0.0344s ]
SQL: SELECT * FROM `cms_news` WHERE ( news_id=12 ) LIMIT 1   [ RunTime:0.0331s ]
NOTIC: [2048] Declaration of Common\Model\NewsContentModel::find() should be compatible with Think\Model::find($options = Array) C:\wamp\www\Application\Common\Model\NewsContentModel.class.php 第 24 行.
SQL: SHOW COLUMNS FROM `cms_news_content` [ RunTime:0.0342s ]
SQL: SELECT * FROM `cms_news_content` WHERE ( news_id=12 ) LIMIT 1   [ RunTime:0.0323s ]
NOTIC: [2048] Declaration of Common\Model\MenuModel::find() should be compatible with Think\Model::find($options = Array) C:\wamp\www\Application\Common\Model\MenuModel.class.php 第 86 行.
SQL: SHOW COLUMNS FROM `cms_menu` [ RunTime:0.0336s ]
SQL: SELECT * FROM `cms_menu` WHERE `status` <> -1 AND `type` = 0 ORDER BY listorder desc,menu_id desc  [ RunTime:0.0329s ]
INFO: [ view_parse ] --START--
INFO: [ template_filter ] --START--
INFO: Run Behavior\ContentReplaceBehavior [ RunTime:0.000150s ]
INFO: [ template_filter ] --END-- [ RunTime:0.000337s ]
SQL: SELECT * FROM `cms_menu` WHERE `status` <> -1 AND `type` = 1 ORDER BY listorder desc,menu_id desc  [ RunTime:0.0332s ]
NOTIC: [8] Undefined index: a C:\wamp\www\Application\Common\Common\function.php 第 34 行.
NOTIC: [8] Undefined index: a C:\wamp\www\Application\Common\Common\function.php 第 34 行.
NOTIC: [8] Undefined index: a C:\wamp\www\Application\Common\Common\function.php 第 34 行.
NOTIC: [8] Undefined variable: news_thumb C:\wamp\www\Application\Runtime\Cache\Admin\c9346596b4ea11ecbab575e85e082471.php 第 128 行.
NOTIC: [8] Undefined variable: copyForm C:\wamp\www\Application\Runtime\Cache\Admin\c9346596b4ea11ecbab575e85e082471.php 第 156 行.
INFO: Run Behavior\ParseTemplateBehavior [ RunTime:0.054459s ]
INFO: [ view_parse ] --END-- [ RunTime:0.054645s ]
INFO: [ view_filter ] --START--
INFO: Run Behavior\WriteHtmlCacheBehavior [ RunTime:0.000811s ]
INFO: [ view_filter ] --END-- [ RunTime:0.000946s ]
INFO: [ app_end ] --START--
INFO: Run Behavior\ShowPageTraceBehavior [ RunTime:0.001178s ]
INFO: [ app_end ] --END-- [ RunTime:0.001433s ]

[ 2016-07-05T21:52:04+08:00 ] ::1 /admin.php?c=content&a=edit&id=12
INFO: [ app_init ] --START--
INFO: Run Behavior\BuildLiteBehavior [ RunTime:0.000037s ]
INFO: [ app_init ] --END-- [ RunTime:0.000638s ]
INFO: [ app_begin ] --START--
INFO: Run Behavior\ReadHtmlCacheBehavior [ RunTime:0.000681s ]
INFO: [ app_begin ] --END-- [ RunTime:0.000864s ]
NOTIC: [2048] Declaration of Common\Model\NewsModel::find() should be compatible with Think\Model::find($options = Array) C:\wamp\www\Application\Common\Model\NewsModel.class.php 第 5 行.
SQL: SHOW COLUMNS FROM `cms_news` [ RunTime:0.0326s ]
SQL: SELECT * FROM `cms_news` WHERE ( news_id=12 ) LIMIT 1   [ RunTime:0.0287s ]
NOTIC: [2048] Declaration of Common\Model\NewsContentModel::find() should be compatible with Think\Model::find($options = Array) C:\wamp\www\Application\Common\Model\NewsContentModel.class.php 第 24 行.
SQL: SHOW COLUMNS FROM `cms_news_content` [ RunTime:0.0304s ]
SQL: SELECT * FROM `cms_news_content` WHERE ( news_id=12 ) LIMIT 1   [ RunTime:0.0285s ]
NOTIC: [2048] Declaration of Common\Model\MenuModel::find() should be compatible with Think\Model::find($options = Array) C:\wamp\www\Application\Common\Model\MenuModel.class.php 第 86 行.
SQL: SHOW COLUMNS FROM `cms_menu` [ RunTime:0.0302s ]
SQL: SELECT * FROM `cms_menu` WHERE `status` <> -1 AND `type` = 0 ORDER BY listorder desc,menu_id desc  [ RunTime:0.0289s ]
INFO: [ view_parse ] --START--
INFO: [ template_filter ] --START--
INFO: Run Behavior\ContentReplaceBehavior [ RunTime:0.000157s ]
INFO: [ template_filter ] --END-- [ RunTime:0.000312s ]
SQL: SELECT * FROM `cms_menu` WHERE `status` <> -1 AND `type` = 1 ORDER BY listorder desc,menu_id desc  [ RunTime:0.0287s ]
NOTIC: [8] Undefined index: a C:\wamp\www\Application\Common\Common\function.php 第 34 行.
NOTIC: [8] Undefined index: a C:\wamp\www\Application\Common\Common\function.php 第 34 行.
NOTIC: [8] Undefined index: a C:\wamp\www\Application\Common\Common\function.php 第 34 行.
NOTIC: [8] Undefined variable: news_thumb C:\wamp\www\Application\Runtime\Cache\Admin\c9346596b4ea11ecbab575e85e082471.php 第 128 行.
NOTIC: [8] Undefined variable: copyForm C:\wamp\www\Application\Runtime\Cache\Admin\c9346596b4ea11ecbab575e85e082471.php 第 156 行.
INFO: Run Behavior\ParseTemplateBehavior [ RunTime:0.049212s ]
INFO: [ view_parse ] --END-- [ RunTime:0.049365s ]
INFO: [ view_filter ] --START--
INFO: Run Behavior\WriteHtmlCacheBehavior [ RunTime:0.000614s ]
INFO: [ view_filter ] --END-- [ RunTime:0.000761s ]
INFO: [ app_end ] --START--
INFO: Run Behavior\ShowPageTraceBehavior [ RunTime:0.001002s ]
INFO: [ app_end ] --END-- [ RunTime:0.001257s ]

[ 2016-07-05T21:53:03+08:00 ] ::1 /admin.php?c=content&a=edit&id=12
INFO: [ app_init ] --START--
INFO: Run Behavior\BuildLiteBehavior [ RunTime:0.000078s ]
INFO: [ app_init ] --END-- [ RunTime:0.000710s ]
INFO: [ app_begin ] --START--
INFO: Run Behavior\ReadHtmlCacheBehavior [ RunTime:0.000771s ]
INFO: [ app_begin ] --END-- [ RunTime:0.000943s ]
NOTIC: [2048] Declaration of Common\Model\NewsModel::find() should be compatible with Think\Model::find($options = Array) C:\wamp\www\Application\Common\Model\NewsModel.class.php 第 5 行.
SQL: SHOW COLUMNS FROM `cms_news` [ RunTime:0.0311s ]
SQL: SELECT * FROM `cms_news` WHERE ( news_id=12 ) LIMIT 1   [ RunTime:0.0298s ]
NOTIC: [2048] Declaration of Common\Model\NewsContentModel::find() should be compatible with Think\Model::find($options = Array) C:\wamp\www\Application\Common\Model\NewsContentModel.class.php 第 24 行.
SQL: SHOW COLUMNS FROM `cms_news_content` [ RunTime:0.0317s ]
SQL: SELECT * FROM `cms_news_content` WHERE ( news_id=12 ) LIMIT 1   [ RunTime:0.0295s ]
NOTIC: [2048] Declaration of Common\Model\MenuModel::find() should be compatible with Think\Model::find($options = Array) C:\wamp\www\Application\Common\Model\MenuModel.class.php 第 86 行.
SQL: SHOW COLUMNS FROM `cms_menu` [ RunTime:0.0295s ]
SQL: SELECT * FROM `cms_menu` WHERE `status` <> -1 AND `type` = 0 ORDER BY listorder desc,menu_id desc  [ RunTime:0.0331s ]
INFO: [ view_parse ] --START--
INFO: [ template_filter ] --START--
INFO: Run Behavior\ContentReplaceBehavior [ RunTime:0.000231s ]
INFO: [ template_filter ] --END-- [ RunTime:0.000547s ]
SQL: SELECT * FROM `cms_menu` WHERE `status` <> -1 AND `type` = 1 ORDER BY listorder desc,menu_id desc  [ RunTime:0.0304s ]
NOTIC: [8] Undefined index: a C:\wamp\www\Application\Common\Common\function.php 第 34 行.
NOTIC: [8] Undefined index: a C:\wamp\www\Application\Common\Common\function.php 第 34 行.
NOTIC: [8] Undefined index: a C:\wamp\www\Application\Common\Common\function.php 第 34 行.
NOTIC: [8] Undefined variable: news_thumb C:\wamp\www\Application\Runtime\Cache\Admin\c9346596b4ea11ecbab575e85e082471.php 第 127 行.
NOTIC: [8] Undefined variable: news_thumb C:\wamp\www\Application\Runtime\Cache\Admin\c9346596b4ea11ecbab575e85e082471.php 第 128 行.
NOTIC: [8] Undefined variable: copyForm C:\wamp\www\Application\Runtime\Cache\Admin\c9346596b4ea11ecbab575e85e082471.php 第 156 行.
INFO: Run Behavior\ParseTemplateBehavior [ RunTime:0.052402s ]
INFO: [ view_parse ] --END-- [ RunTime:0.052553s ]
INFO: [ view_filter ] --START--
INFO: Run Behavior\WriteHtmlCacheBehavior [ RunTime:0.000601s ]
INFO: [ view_filter ] --END-- [ RunTime:0.000736s ]
INFO: [ app_end ] --START--
INFO: Run Behavior\ShowPageTraceBehavior [ RunTime:0.001171s ]
INFO: [ app_end ] --END-- [ RunTime:0.001500s ]

[ 2016-07-05T21:53:04+08:00 ] ::1 /admin.php?c=content&a=edit&id=12
INFO: [ app_init ] --START--
INFO: Run Behavior\BuildLiteBehavior [ RunTime:0.000038s ]
INFO: [ app_init ] --END-- [ RunTime:0.000693s ]
INFO: [ app_begin ] --START--
INFO: Run Behavior\ReadHtmlCacheBehavior [ RunTime:0.000702s ]
INFO: [ app_begin ] --END-- [ RunTime:0.000863s ]
NOTIC: [2048] Declaration of Common\Model\NewsModel::find() should be compatible with Think\Model::find($options = Array) C:\wamp\www\Application\Common\Model\NewsModel.class.php 第 5 行.
SQL: SHOW COLUMNS FROM `cms_news` [ RunTime:0.0304s ]
SQL: SELECT * FROM `cms_news` WHERE ( news_id=12 ) LIMIT 1   [ RunTime:0.0289s ]
NOTIC: [2048] Declaration of Common\Model\NewsContentModel::find() should be compatible with Think\Model::find($options = Array) C:\wamp\www\Application\Common\Model\NewsContentModel.class.php 第 24 行.
SQL: SHOW COLUMNS FROM `cms_news_content` [ RunTime:0.0324s ]
SQL: SELECT * FROM `cms_news_content` WHERE ( news_id=12 ) LIMIT 1   [ RunTime:0.0278s ]
NOTIC: [2048] Declaration of Common\Model\MenuModel::find() should be compatible with Think\Model::find($options = Array) C:\wamp\www\Application\Common\Model\MenuModel.class.php 第 86 行.
SQL: SHOW COLUMNS FROM `cms_menu` [ RunTime:0.0294s ]
SQL: SELECT * FROM `cms_menu` WHERE `status` <> -1 AND `type` = 0 ORDER BY listorder desc,menu_id desc  [ RunTime:0.0280s ]
INFO: [ view_parse ] --START--
INFO: [ template_filter ] --START--
INFO: Run Behavior\ContentReplaceBehavior [ RunTime:0.000139s ]
INFO: [ template_filter ] --END-- [ RunTime:0.000296s ]
SQL: SELECT * FROM `cms_menu` WHERE `status` <> -1 AND `type` = 1 ORDER BY listorder desc,menu_id desc  [ RunTime:0.0315s ]
NOTIC: [8] Undefined index: a C:\wamp\www\Application\Common\Common\function.php 第 34 行.
NOTIC: [8] Undefined index: a C:\wamp\www\Application\Common\Common\function.php 第 34 行.
NOTIC: [8] Undefined index: a C:\wamp\www\Application\Common\Common\function.php 第 34 行.
NOTIC: [8] Undefined variable: news_thumb C:\wamp\www\Application\Runtime\Cache\Admin\c9346596b4ea11ecbab575e85e082471.php 第 127 行.
NOTIC: [8] Undefined variable: news_thumb C:\wamp\www\Application\Runtime\Cache\Admin\c9346596b4ea11ecbab575e85e082471.php 第 128 行.
NOTIC: [8] Undefined variable: copyForm C:\wamp\www\Application\Runtime\Cache\Admin\c9346596b4ea11ecbab575e85e082471.php 第 156 行.
INFO: Run Behavior\ParseTemplateBehavior [ RunTime:0.051873s ]
INFO: [ view_parse ] --END-- [ RunTime:0.052150s ]
INFO: [ view_filter ] --START--
INFO: Run Behavior\WriteHtmlCacheBehavior [ RunTime:0.000611s ]
INFO: [ view_filter ] --END-- [ RunTime:0.000757s ]
INFO: [ app_end ] --START--
INFO: Run Behavior\ShowPageTraceBehavior [ RunTime:0.000887s ]
INFO: [ app_end ] --END-- [ RunTime:0.001123s ]

[ 2016-07-05T21:53:24+08:00 ] ::1 /admin.php?c=content&a=edit&id=12
INFO: [ app_init ] --START--
INFO: Run Behavior\BuildLiteBehavior [ RunTime:0.000039s ]
INFO: [ app_init ] --END-- [ RunTime:0.000717s ]
INFO: [ app_begin ] --START--
INFO: Run Behavior\ReadHtmlCacheBehavior [ RunTime:0.000711s ]
INFO: [ app_begin ] --END-- [ RunTime:0.000866s ]
NOTIC: [2048] Declaration of Common\Model\NewsModel::find() should be compatible with Think\Model::find($options = Array) C:\wamp\www\Application\Common\Model\NewsModel.class.php 第 5 行.
SQL: SHOW COLUMNS FROM `cms_news` [ RunTime:0.0214s ]
SQL: SELECT * FROM `cms_news` WHERE ( news_id=12 ) LIMIT 1   [ RunTime:0.0196s ]
NOTIC: [2048] Declaration of Common\Model\NewsContentModel::find() should be compatible with Think\Model::find($options = Array) C:\wamp\www\Application\Common\Model\NewsContentModel.class.php 第 24 行.
SQL: SHOW COLUMNS FROM `cms_news_content` [ RunTime:0.0204s ]
SQL: SELECT * FROM `cms_news_content` WHERE ( news_id=12 ) LIMIT 1   [ RunTime:0.0195s ]
NOTIC: [2048] Declaration of Common\Model\MenuModel::find() should be compatible with Think\Model::find($options = Array) C:\wamp\www\Application\Common\Model\MenuModel.class.php 第 86 行.
SQL: SHOW COLUMNS FROM `cms_menu` [ RunTime:0.0207s ]
SQL: SELECT * FROM `cms_menu` WHERE `status` <> -1 AND `type` = 0 ORDER BY listorder desc,menu_id desc  [ RunTime:0.0203s ]
INFO: [ view_parse ] --START--
INFO: [ template_filter ] --START--
INFO: Run Behavior\ContentReplaceBehavior [ RunTime:0.000139s ]
INFO: [ template_filter ] --END-- [ RunTime:0.000295s ]
SQL: SELECT * FROM `cms_menu` WHERE `status` <> -1 AND `type` = 1 ORDER BY listorder desc,menu_id desc  [ RunTime:0.0197s ]
NOTIC: [8] Undefined index: a C:\wamp\www\Application\Common\Common\function.php 第 34 行.
NOTIC: [8] Undefined index: a C:\wamp\www\Application\Common\Common\function.php 第 34 行.
NOTIC: [8] Undefined index: a C:\wamp\www\Application\Common\Common\function.php 第 34 行.
NOTIC: [8] Undefined variable: copyForm C:\wamp\www\Application\Runtime\Cache\Admin\c9346596b4ea11ecbab575e85e082471.php 第 156 行.
INFO: Run Behavior\ParseTemplateBehavior [ RunTime:0.039363s ]
INFO: [ view_parse ] --END-- [ RunTime:0.039522s ]
INFO: [ view_filter ] --START--
INFO: Run Behavior\WriteHtmlCacheBehavior [ RunTime:0.000626s ]
INFO: [ view_filter ] --END-- [ RunTime:0.000769s ]
INFO: [ app_end ] --START--
INFO: Run Behavior\ShowPageTraceBehavior [ RunTime:0.000856s ]
INFO: [ app_end ] --END-- [ RunTime:0.001089s ]

[ 2016-07-05T21:56:36+08:00 ] ::1 /admin.php?c=content&a=edit&id=12
INFO: [ app_init ] --START--
INFO: Run Behavior\BuildLiteBehavior [ RunTime:0.000038s ]
INFO: [ app_init ] --END-- [ RunTime:0.000780s ]
INFO: [ app_begin ] --START--
INFO: Run Behavior\ReadHtmlCacheBehavior [ RunTime:0.000869s ]
INFO: [ app_begin ] --END-- [ RunTime:0.001032s ]
NOTIC: [2048] Declaration of Common\Model\NewsModel::find() should be compatible with Think\Model::find($options = Array) C:\wamp\www\Application\Common\Model\NewsModel.class.php 第 5 行.
SQL: SHOW COLUMNS FROM `cms_news` [ RunTime:0.0222s ]
SQL: SELECT * FROM `cms_news` WHERE ( news_id=12 ) LIMIT 1   [ RunTime:0.0207s ]
NOTIC: [2048] Declaration of Common\Model\NewsContentModel::find() should be compatible with Think\Model::find($options = Array) C:\wamp\www\Application\Common\Model\NewsContentModel.class.php 第 24 行.
SQL: SHOW COLUMNS FROM `cms_news_content` [ RunTime:0.0217s ]
SQL: SELECT * FROM `cms_news_content` WHERE ( news_id=12 ) LIMIT 1   [ RunTime:0.0217s ]
NOTIC: [2048] Declaration of Common\Model\MenuModel::find() should be compatible with Think\Model::find($options = Array) C:\wamp\www\Application\Common\Model\MenuModel.class.php 第 86 行.
SQL: SHOW COLUMNS FROM `cms_menu` [ RunTime:0.0220s ]
SQL: SELECT * FROM `cms_menu` WHERE `status` <> -1 AND `type` = 0 ORDER BY listorder desc,menu_id desc  [ RunTime:0.0205s ]
INFO: [ view_parse ] --START--
INFO: [ template_filter ] --START--
INFO: Run Behavior\ContentReplaceBehavior [ RunTime:0.000157s ]
INFO: [ template_filter ] --END-- [ RunTime:0.000319s ]
SQL: SELECT * FROM `cms_menu` WHERE `status` <> -1 AND `type` = 1 ORDER BY listorder desc,menu_id desc  [ RunTime:0.0208s ]
NOTIC: [8] Undefined index: a C:\wamp\www\Application\Common\Common\function.php 第 34 行.
NOTIC: [8] Undefined index: a C:\wamp\www\Application\Common\Common\function.php 第 34 行.
NOTIC: [8] Undefined index: a C:\wamp\www\Application\Common\Common\function.php 第 34 行.
NOTIC: [8] Undefined variable: copyForm C:\wamp\www\Application\Runtime\Cache\Admin\c9346596b4ea11ecbab575e85e082471.php 第 156 行.
INFO: Run Behavior\ParseTemplateBehavior [ RunTime:0.041646s ]
INFO: [ view_parse ] --END-- [ RunTime:0.041839s ]
INFO: [ view_filter ] --START--
INFO: Run Behavior\WriteHtmlCacheBehavior [ RunTime:0.000765s ]
INFO: [ view_filter ] --END-- [ RunTime:0.000953s ]
INFO: [ app_end ] --START--
INFO: Run Behavior\ShowPageTraceBehavior [ RunTime:0.001274s ]
INFO: [ app_end ] --END-- [ RunTime:0.001535s ]

[ 2016-07-05T21:58:53+08:00 ] ::1 /admin.php?c=content&a=edit&id=12
INFO: [ app_init ] --START--
INFO: Run Behavior\BuildLiteBehavior [ RunTime:0.000041s ]
INFO: [ app_init ] --END-- [ RunTime:0.000942s ]
INFO: [ app_begin ] --START--
INFO: Run Behavior\ReadHtmlCacheBehavior [ RunTime:0.000925s ]
INFO: [ app_begin ] --END-- [ RunTime:0.001101s ]
NOTIC: [2048] Declaration of Common\Model\NewsModel::find() should be compatible with Think\Model::find($options = Array) C:\wamp\www\Application\Common\Model\NewsModel.class.php 第 5 行.
SQL: SHOW COLUMNS FROM `cms_news` [ RunTime:0.0391s ]
SQL: SELECT * FROM `cms_news` WHERE ( news_id=12 ) LIMIT 1   [ RunTime:0.0395s ]
NOTIC: [2048] Declaration of Common\Model\NewsContentModel::find() should be compatible with Think\Model::find($options = Array) C:\wamp\www\Application\Common\Model\NewsContentModel.class.php 第 24 行.
SQL: SHOW COLUMNS FROM `cms_news_content` [ RunTime:0.0390s ]
SQL: SELECT * FROM `cms_news_content` WHERE ( news_id=12 ) LIMIT 1   [ RunTime:0.0377s ]
NOTIC: [2048] Declaration of Common\Model\MenuModel::find() should be compatible with Think\Model::find($options = Array) C:\wamp\www\Application\Common\Model\MenuModel.class.php 第 86 行.
SQL: SHOW COLUMNS FROM `cms_menu` [ RunTime:0.0397s ]
SQL: SELECT * FROM `cms_menu` WHERE `status` <> -1 AND `type` = 0 ORDER BY listorder desc,menu_id desc  [ RunTime:0.0379s ]
INFO: [ view_parse ] --START--
INFO: [ template_filter ] --START--
INFO: Run Behavior\ContentReplaceBehavior [ RunTime:0.000142s ]
INFO: [ template_filter ] --END-- [ RunTime:0.000298s ]
SQL: SELECT * FROM `cms_menu` WHERE `status` <> -1 AND `type` = 1 ORDER BY listorder desc,menu_id desc  [ RunTime:0.0393s ]
NOTIC: [8] Undefined index: a C:\wamp\www\Application\Common\Common\function.php 第 34 行.
NOTIC: [8] Undefined index: a C:\wamp\www\Application\Common\Common\function.php 第 34 行.
NOTIC: [8] Undefined index: a C:\wamp\www\Application\Common\Common\function.php 第 34 行.
NOTIC: [8] Undefined variable: copyForm C:\wamp\www\Application\Runtime\Cache\Admin\c9346596b4ea11ecbab575e85e082471.php 第 156 行.
INFO: Run Behavior\ParseTemplateBehavior [ RunTime:0.059653s ]
INFO: [ view_parse ] --END-- [ RunTime:0.059813s ]
INFO: [ view_filter ] --START--
INFO: Run Behavior\WriteHtmlCacheBehavior [ RunTime:0.000710s ]
INFO: [ view_filter ] --END-- [ RunTime:0.000856s ]
INFO: [ app_end ] --START--
INFO: Run Behavior\ShowPageTraceBehavior [ RunTime:0.001023s ]
INFO: [ app_end ] --END-- [ RunTime:0.001274s ]

[ 2016-07-05T22:03:34+08:00 ] ::1 /admin.php?c=content&a=edit&id=12
INFO: [ app_init ] --START--
INFO: Run Behavior\BuildLiteBehavior [ RunTime:0.000037s ]
INFO: [ app_init ] --END-- [ RunTime:0.000631s ]
INFO: [ app_begin ] --START--
INFO: Run Behavior\ReadHtmlCacheBehavior [ RunTime:0.000919s ]
INFO: [ app_begin ] --END-- [ RunTime:0.001097s ]
NOTIC: [2048] Declaration of Common\Model\NewsModel::find() should be compatible with Think\Model::find($options = Array) C:\wamp\www\Application\Common\Model\NewsModel.class.php 第 5 行.
SQL: SHOW COLUMNS FROM `cms_news` [ RunTime:0.0297s ]
SQL: SELECT * FROM `cms_news` WHERE ( news_id=12 ) LIMIT 1   [ RunTime:0.0309s ]
NOTIC: [2048] Declaration of Common\Model\NewsContentModel::find() should be compatible with Think\Model::find($options = Array) C:\wamp\www\Application\Common\Model\NewsContentModel.class.php 第 24 行.
SQL: SHOW COLUMNS FROM `cms_news_content` [ RunTime:0.0304s ]
SQL: SELECT * FROM `cms_news_content` WHERE ( news_id=12 ) LIMIT 1   [ RunTime:0.0293s ]
NOTIC: [2048] Declaration of Common\Model\MenuModel::find() should be compatible with Think\Model::find($options = Array) C:\wamp\www\Application\Common\Model\MenuModel.class.php 第 86 行.
SQL: SHOW COLUMNS FROM `cms_menu` [ RunTime:0.0326s ]
SQL: SELECT * FROM `cms_menu` WHERE `status` <> -1 AND `type` = 0 ORDER BY listorder desc,menu_id desc  [ RunTime:0.0290s ]
INFO: [ view_parse ] --START--
INFO: [ template_filter ] --START--
INFO: Run Behavior\ContentReplaceBehavior [ RunTime:0.000136s ]
INFO: [ template_filter ] --END-- [ RunTime:0.000287s ]
SQL: SELECT * FROM `cms_menu` WHERE `status` <> -1 AND `type` = 1 ORDER BY listorder desc,menu_id desc  [ RunTime:0.0294s ]
NOTIC: [8] Undefined index: a C:\wamp\www\Application\Common\Common\function.php 第 34 行.
NOTIC: [8] Undefined index: a C:\wamp\www\Application\Common\Common\function.php 第 34 行.
NOTIC: [8] Undefined index: a C:\wamp\www\Application\Common\Common\function.php 第 34 行.
NOTIC: [8] Undefined variable: copyForm C:\wamp\www\Application\Runtime\Cache\Admin\c9346596b4ea11ecbab575e85e082471.php 第 156 行.
INFO: Run Behavior\ParseTemplateBehavior [ RunTime:0.050576s ]
INFO: [ view_parse ] --END-- [ RunTime:0.050740s ]
INFO: [ view_filter ] --START--
INFO: Run Behavior\WriteHtmlCacheBehavior [ RunTime:0.000832s ]
INFO: [ view_filter ] --END-- [ RunTime:0.000978s ]
INFO: [ app_end ] --START--
INFO: Run Behavior\ShowPageTraceBehavior [ RunTime:0.001225s ]
INFO: [ app_end ] --END-- [ RunTime:0.001483s ]

[ 2016-07-05T22:08:05+08:00 ] ::1 /admin.php?c=content&a=edit&id=12
INFO: [ app_init ] --START--
INFO: Run Behavior\BuildLiteBehavior [ RunTime:0.000058s ]
INFO: [ app_init ] --END-- [ RunTime:0.000909s ]
INFO: [ app_begin ] --START--
INFO: Run Behavior\ReadHtmlCacheBehavior [ RunTime:0.000787s ]
INFO: [ app_begin ] --END-- [ RunTime:0.000956s ]
NOTIC: [2048] Declaration of Common\Model\NewsModel::find() should be compatible with Think\Model::find($options = Array) C:\wamp\www\Application\Common\Model\NewsModel.class.php 第 5 行.
SQL: SHOW COLUMNS FROM `cms_news` [ RunTime:0.0317s ]
SQL: SELECT * FROM `cms_news` WHERE ( news_id=12 ) LIMIT 1   [ RunTime:0.0312s ]
NOTIC: [2048] Declaration of Common\Model\NewsContentModel::find() should be compatible with Think\Model::find($options = Array) C:\wamp\www\Application\Common\Model\NewsContentModel.class.php 第 24 行.
SQL: SHOW COLUMNS FROM `cms_news_content` [ RunTime:0.0381s ]
SQL: SELECT * FROM `cms_news_content` WHERE ( news_id=12 ) LIMIT 1   [ RunTime:0.0290s ]
NOTIC: [2048] Declaration of Common\Model\MenuModel::find() should be compatible with Think\Model::find($options = Array) C:\wamp\www\Application\Common\Model\MenuModel.class.php 第 86 行.
SQL: SHOW COLUMNS FROM `cms_menu` [ RunTime:0.0309s ]
SQL: SELECT * FROM `cms_menu` WHERE `status` <> -1 AND `type` = 0 ORDER BY listorder desc,menu_id desc  [ RunTime:0.0299s ]
INFO: [ view_parse ] --START--
INFO: [ template_filter ] --START--
INFO: Run Behavior\ContentReplaceBehavior [ RunTime:0.000142s ]
INFO: [ template_filter ] --END-- [ RunTime:0.000322s ]
SQL: SELECT * FROM `cms_menu` WHERE `status` <> -1 AND `type` = 1 ORDER BY listorder desc,menu_id desc  [ RunTime:0.0299s ]
NOTIC: [8] Undefined index: a C:\wamp\www\Application\Common\Common\function.php 第 34 行.
NOTIC: [8] Undefined index: a C:\wamp\www\Application\Common\Common\function.php 第 34 行.
NOTIC: [8] Undefined index: a C:\wamp\www\Application\Common\Common\function.php 第 34 行.
NOTIC: [8] Undefined variable: copyForm C:\wamp\www\Application\Runtime\Cache\Admin\c9346596b4ea11ecbab575e85e082471.php 第 156 行.
INFO: Run Behavior\ParseTemplateBehavior [ RunTime:0.053416s ]
INFO: [ view_parse ] --END-- [ RunTime:0.053573s ]
INFO: [ view_filter ] --START--
INFO: Run Behavior\WriteHtmlCacheBehavior [ RunTime:0.000723s ]
INFO: [ view_filter ] --END-- [ RunTime:0.000910s ]
INFO: [ app_end ] --START--
INFO: Run Behavior\ShowPageTraceBehavior [ RunTime:0.000887s ]
INFO: [ app_end ] --END-- [ RunTime:0.001059s ]

[ 2016-07-05T22:08:41+08:00 ] ::1 /admin.php?c=content
INFO: [ app_init ] --START--
INFO: Run Behavior\BuildLiteBehavior [ RunTime:0.000037s ]
INFO: [ app_init ] --END-- [ RunTime:0.000668s ]
INFO: [ app_begin ] --START--
INFO: Run Behavior\ReadHtmlCacheBehavior [ RunTime:0.000712s ]
INFO: [ app_begin ] --END-- [ RunTime:0.000872s ]
NOTIC: [8] Undefined index: title C:\wamp\www\Application\Admin\Controller\ContentController.class.php 第 13 行.
NOTIC: [8] Undefined index: catid C:\wamp\www\Application\Admin\Controller\ContentController.class.php 第 17 行.
NOTIC: [8] Undefined index: p C:\wamp\www\Application\Admin\Controller\ContentController.class.php 第 21 行.
NOTIC: [8] Undefined index: pageSize C:\wamp\www\Application\Admin\Controller\ContentController.class.php 第 22 行.
NOTIC: [2048] Declaration of Common\Model\NewsModel::find() should be compatible with Think\Model::find($options = Array) C:\wamp\www\Application\Common\Model\NewsModel.class.php 第 5 行.
SQL: SHOW COLUMNS FROM `cms_news` [ RunTime:0.0302s ]
SQL: SELECT * FROM `cms_news` WHERE `status` <> -1 ORDER BY listorder desc,news_id desc LIMIT 0,1   [ RunTime:0.0286s ]
SQL: SELECT COUNT(*) AS tp_count FROM `cms_news` WHERE `status` <> -1 LIMIT 1   [ RunTime:0.0287s ]
NOTIC: [2048] Declaration of Common\Model\MenuModel::find() should be compatible with Think\Model::find($options = Array) C:\wamp\www\Application\Common\Model\MenuModel.class.php 第 86 行.
SQL: SHOW COLUMNS FROM `cms_menu` [ RunTime:0.0308s ]
SQL: SELECT * FROM `cms_menu` WHERE `status` <> -1 AND `type` = 0 ORDER BY listorder desc,menu_id desc  [ RunTime:0.0275s ]
INFO: [ view_parse ] --START--
INFO: [ template_filter ] --START--
INFO: Run Behavior\ContentReplaceBehavior [ RunTime:0.000136s ]
INFO: [ template_filter ] --END-- [ RunTime:0.000287s ]
SQL: SELECT * FROM `cms_menu` WHERE `status` <> -1 AND `type` = 1 ORDER BY listorder desc,menu_id desc  [ RunTime:0.0287s ]
NOTIC: [8] Undefined index: a C:\wamp\www\Application\Common\Common\function.php 第 34 行.
NOTIC: [8] Undefined index: a C:\wamp\www\Application\Common\Common\function.php 第 34 行.
NOTIC: [8] Undefined index: a C:\wamp\www\Application\Common\Common\function.php 第 34 行.
INFO: Run Behavior\ParseTemplateBehavior [ RunTime:0.047800s ]
INFO: [ view_parse ] --END-- [ RunTime:0.047988s ]
INFO: [ view_filter ] --START--
INFO: Run Behavior\WriteHtmlCacheBehavior [ RunTime:0.000619s ]
INFO: [ view_filter ] --END-- [ RunTime:0.000756s ]
INFO: [ app_end ] --START--
INFO: Run Behavior\ShowPageTraceBehavior [ RunTime:0.000710s ]
INFO: [ app_end ] --END-- [ RunTime:0.000858s ]

[ 2016-07-05T22:08:47+08:00 ] ::1 /admin.php?c=content&a=edit&id=12
INFO: [ app_init ] --START--
INFO: Run Behavior\BuildLiteBehavior [ RunTime:0.000037s ]
INFO: [ app_init ] --END-- [ RunTime:0.000631s ]
INFO: [ app_begin ] --START--
INFO: Run Behavior\ReadHtmlCacheBehavior [ RunTime:0.000728s ]
INFO: [ app_begin ] --END-- [ RunTime:0.000887s ]
NOTIC: [2048] Declaration of Common\Model\NewsModel::find() should be compatible with Think\Model::find($options = Array) C:\wamp\www\Application\Common\Model\NewsModel.class.php 第 5 行.
SQL: SHOW COLUMNS FROM `cms_news` [ RunTime:0.0303s ]
SQL: SELECT * FROM `cms_news` WHERE ( news_id=12 ) LIMIT 1   [ RunTime:0.0300s ]
NOTIC: [2048] Declaration of Common\Model\NewsContentModel::find() should be compatible with Think\Model::find($options = Array) C:\wamp\www\Application\Common\Model\NewsContentModel.class.php 第 24 行.
SQL: SHOW COLUMNS FROM `cms_news_content` [ RunTime:0.0307s ]
SQL: SELECT * FROM `cms_news_content` WHERE ( news_id=12 ) LIMIT 1   [ RunTime:0.0285s ]
NOTIC: [2048] Declaration of Common\Model\MenuModel::find() should be compatible with Think\Model::find($options = Array) C:\wamp\www\Application\Common\Model\MenuModel.class.php 第 86 行.
SQL: SHOW COLUMNS FROM `cms_menu` [ RunTime:0.0297s ]
SQL: SELECT * FROM `cms_menu` WHERE `status` <> -1 AND `type` = 0 ORDER BY listorder desc,menu_id desc  [ RunTime:0.0286s ]
INFO: [ view_parse ] --START--
INFO: [ template_filter ] --START--
INFO: Run Behavior\ContentReplaceBehavior [ RunTime:0.000153s ]
INFO: [ template_filter ] --END-- [ RunTime:0.000318s ]
SQL: SELECT * FROM `cms_menu` WHERE `status` <> -1 AND `type` = 1 ORDER BY listorder desc,menu_id desc  [ RunTime:0.0287s ]
NOTIC: [8] Undefined index: a C:\wamp\www\Application\Common\Common\function.php 第 34 行.
NOTIC: [8] Undefined index: a C:\wamp\www\Application\Common\Common\function.php 第 34 行.
NOTIC: [8] Undefined index: a C:\wamp\www\Application\Common\Common\function.php 第 34 行.
NOTIC: [8] Undefined variable: copyForm C:\wamp\www\Application\Runtime\Cache\Admin\c9346596b4ea11ecbab575e85e082471.php 第 156 行.
INFO: Run Behavior\ParseTemplateBehavior [ RunTime:0.049252s ]
INFO: [ view_parse ] --END-- [ RunTime:0.049418s ]
INFO: [ view_filter ] --START--
INFO: Run Behavior\WriteHtmlCacheBehavior [ RunTime:0.000676s ]
INFO: [ view_filter ] --END-- [ RunTime:0.000827s ]
INFO: [ app_end ] --START--
INFO: Run Behavior\ShowPageTraceBehavior [ RunTime:0.000951s ]
INFO: [ app_end ] --END-- [ RunTime:0.001184s ]

[ 2016-07-05T22:09:43+08:00 ] ::1 /admin.php?c=content&a=edit&id=12
INFO: [ app_init ] --START--
INFO: Run Behavior\BuildLiteBehavior [ RunTime:0.000038s ]
INFO: [ app_init ] --END-- [ RunTime:0.000727s ]
INFO: [ app_begin ] --START--
INFO: Run Behavior\ReadHtmlCacheBehavior [ RunTime:0.000854s ]
INFO: [ app_begin ] --END-- [ RunTime:0.001053s ]
NOTIC: [2048] Declaration of Common\Model\NewsModel::find() should be compatible with Think\Model::find($options = Array) C:\wamp\www\Application\Common\Model\NewsModel.class.php 第 5 行.
SQL: SHOW COLUMNS FROM `cms_news` [ RunTime:0.0322s ]
SQL: SELECT * FROM `cms_news` WHERE ( news_id=12 ) LIMIT 1   [ RunTime:0.0362s ]
NOTIC: [2048] Declaration of Common\Model\NewsContentModel::find() should be compatible with Think\Model::find($options = Array) C:\wamp\www\Application\Common\Model\NewsContentModel.class.php 第 24 行.
SQL: SHOW COLUMNS FROM `cms_news_content` [ RunTime:0.0317s ]
SQL: SELECT * FROM `cms_news_content` WHERE ( news_id=12 ) LIMIT 1   [ RunTime:0.0314s ]
NOTIC: [2048] Declaration of Common\Model\MenuModel::find() should be compatible with Think\Model::find($options = Array) C:\wamp\www\Application\Common\Model\MenuModel.class.php 第 86 行.
SQL: SHOW COLUMNS FROM `cms_menu` [ RunTime:0.0312s ]
SQL: SELECT * FROM `cms_menu` WHERE `status` <> -1 AND `type` = 0 ORDER BY listorder desc,menu_id desc  [ RunTime:0.0300s ]
INFO: [ view_parse ] --START--
INFO: [ template_filter ] --START--
INFO: Run Behavior\ContentReplaceBehavior [ RunTime:0.000149s ]
INFO: [ template_filter ] --END-- [ RunTime:0.000330s ]
SQL: SELECT * FROM `cms_menu` WHERE `status` <> -1 AND `type` = 1 ORDER BY listorder desc,menu_id desc  [ RunTime:0.0319s ]
NOTIC: [8] Undefined index: a C:\wamp\www\Application\Common\Common\function.php 第 34 行.
NOTIC: [8] Undefined index: a C:\wamp\www\Application\Common\Common\function.php 第 34 行.
NOTIC: [8] Undefined index: a C:\wamp\www\Application\Common\Common\function.php 第 34 行.
NOTIC: [8] Undefined variable: copyForm C:\wamp\www\Application\Runtime\Cache\Admin\c9346596b4ea11ecbab575e85e082471.php 第 156 行.
INFO: Run Behavior\ParseTemplateBehavior [ RunTime:0.053793s ]
INFO: [ view_parse ] --END-- [ RunTime:0.053972s ]
INFO: [ view_filter ] --START--
INFO: Run Behavior\WriteHtmlCacheBehavior [ RunTime:0.000794s ]
INFO: [ view_filter ] --END-- [ RunTime:0.000961s ]
INFO: [ app_end ] --START--
INFO: Run Behavior\ShowPageTraceBehavior [ RunTime:0.001149s ]
INFO: [ app_end ] --END-- [ RunTime:0.001436s ]

[ 2016-07-05T22:10:10+08:00 ] ::1 /admin.php?c=content
INFO: [ app_init ] --START--
INFO: Run Behavior\BuildLiteBehavior [ RunTime:0.000073s ]
INFO: [ app_init ] --END-- [ RunTime:0.000889s ]
INFO: [ app_begin ] --START--
INFO: Run Behavior\ReadHtmlCacheBehavior [ RunTime:0.000730s ]
INFO: [ app_begin ] --END-- [ RunTime:0.000886s ]
NOTIC: [8] Undefined index: title C:\wamp\www\Application\Admin\Controller\ContentController.class.php 第 13 行.
NOTIC: [8] Undefined index: catid C:\wamp\www\Application\Admin\Controller\ContentController.class.php 第 17 行.
NOTIC: [8] Undefined index: p C:\wamp\www\Application\Admin\Controller\ContentController.class.php 第 21 行.
NOTIC: [8] Undefined index: pageSize C:\wamp\www\Application\Admin\Controller\ContentController.class.php 第 22 行.
NOTIC: [2048] Declaration of Common\Model\NewsModel::find() should be compatible with Think\Model::find($options = Array) C:\wamp\www\Application\Common\Model\NewsModel.class.php 第 5 行.
SQL: SHOW COLUMNS FROM `cms_news` [ RunTime:0.0308s ]
SQL: SELECT * FROM `cms_news` WHERE `status` <> -1 ORDER BY listorder desc,news_id desc LIMIT 0,1   [ RunTime:0.0324s ]
SQL: SELECT COUNT(*) AS tp_count FROM `cms_news` WHERE `status` <> -1 LIMIT 1   [ RunTime:0.0308s ]
NOTIC: [2048] Declaration of Common\Model\MenuModel::find() should be compatible with Think\Model::find($options = Array) C:\wamp\www\Application\Common\Model\MenuModel.class.php 第 86 行.
SQL: SHOW COLUMNS FROM `cms_menu` [ RunTime:0.0310s ]
SQL: SELECT * FROM `cms_menu` WHERE `status` <> -1 AND `type` = 0 ORDER BY listorder desc,menu_id desc  [ RunTime:0.0311s ]
INFO: [ view_parse ] --START--
INFO: [ template_filter ] --START--
INFO: Run Behavior\ContentReplaceBehavior [ RunTime:0.000249s ]
INFO: [ template_filter ] --END-- [ RunTime:0.000562s ]
SQL: SELECT * FROM `cms_menu` WHERE `status` <> -1 AND `type` = 1 ORDER BY listorder desc,menu_id desc  [ RunTime:0.0325s ]
NOTIC: [8] Undefined index: a C:\wamp\www\Application\Common\Common\function.php 第 34 行.
NOTIC: [8] Undefined index: a C:\wamp\www\Application\Common\Common\function.php 第 34 行.
NOTIC: [8] Undefined index: a C:\wamp\www\Application\Common\Common\function.php 第 34 行.
INFO: Run Behavior\ParseTemplateBehavior [ RunTime:0.054402s ]
INFO: [ view_parse ] --END-- [ RunTime:0.054588s ]
INFO: [ view_filter ] --START--
INFO: Run Behavior\WriteHtmlCacheBehavior [ RunTime:0.000823s ]
INFO: [ view_filter ] --END-- [ RunTime:0.000970s ]
INFO: [ app_end ] --START--
INFO: Run Behavior\ShowPageTraceBehavior [ RunTime:0.000966s ]
INFO: [ app_end ] --END-- [ RunTime:0.001157s ]

[ 2016-07-05T22:10:11+08:00 ] ::1 /admin.php?c=content&a=add
INFO: [ app_init ] --START--
INFO: Run Behavior\BuildLiteBehavior [ RunTime:0.000036s ]
INFO: [ app_init ] --END-- [ RunTime:0.000659s ]
INFO: [ app_begin ] --START--
INFO: Run Behavior\ReadHtmlCacheBehavior [ RunTime:0.000727s ]
INFO: [ app_begin ] --END-- [ RunTime:0.000888s ]
NOTIC: [2048] Declaration of Common\Model\MenuModel::find() should be compatible with Think\Model::find($options = Array) C:\wamp\www\Application\Common\Model\MenuModel.class.php 第 10 行.
SQL: SHOW COLUMNS FROM `cms_menu` [ RunTime:0.0423s ]
SQL: SELECT * FROM `cms_menu` WHERE `status` <> -1 AND `type` = 0 ORDER BY listorder desc,menu_id desc  [ RunTime:0.0382s ]
INFO: [ view_parse ] --START--
INFO: [ template_filter ] --START--
INFO: Run Behavior\ContentReplaceBehavior [ RunTime:0.000137s ]
INFO: [ template_filter ] --END-- [ RunTime:0.000288s ]
SQL: SELECT * FROM `cms_menu` WHERE `status` <> -1 AND `type` = 1 ORDER BY listorder desc,menu_id desc  [ RunTime:0.0396s ]
NOTIC: [8] Undefined index: a C:\wamp\www\Application\Common\Common\function.php 第 34 行.
NOTIC: [8] Undefined index: a C:\wamp\www\Application\Common\Common\function.php 第 34 行.
NOTIC: [8] Undefined index: a C:\wamp\www\Application\Common\Common\function.php 第 34 行.
INFO: Run Behavior\ParseTemplateBehavior [ RunTime:0.058106s ]
INFO: [ view_parse ] --END-- [ RunTime:0.058260s ]
INFO: [ view_filter ] --START--
INFO: Run Behavior\WriteHtmlCacheBehavior [ RunTime:0.000887s ]
INFO: [ view_filter ] --END-- [ RunTime:0.001038s ]
INFO: [ app_end ] --START--
INFO: Run Behavior\ShowPageTraceBehavior [ RunTime:0.001314s ]
INFO: [ app_end ] --END-- [ RunTime:0.001567s ]

[ 2016-07-05T22:10:16+08:00 ] ::1 /admin.php?c=content
INFO: [ app_init ] --START--
INFO: Run Behavior\BuildLiteBehavior [ RunTime:0.000066s ]
INFO: [ app_init ] --END-- [ RunTime:0.001022s ]
INFO: [ app_begin ] --START--
INFO: Run Behavior\ReadHtmlCacheBehavior [ RunTime:0.000759s ]
INFO: [ app_begin ] --END-- [ RunTime:0.000925s ]
NOTIC: [8] Undefined index: title C:\wamp\www\Application\Admin\Controller\ContentController.class.php 第 13 行.
NOTIC: [8] Undefined index: catid C:\wamp\www\Application\Admin\Controller\ContentController.class.php 第 17 行.
NOTIC: [8] Undefined index: p C:\wamp\www\Application\Admin\Controller\ContentController.class.php 第 21 行.
NOTIC: [8] Undefined index: pageSize C:\wamp\www\Application\Admin\Controller\ContentController.class.php 第 22 行.
NOTIC: [2048] Declaration of Common\Model\NewsModel::find() should be compatible with Think\Model::find($options = Array) C:\wamp\www\Application\Common\Model\NewsModel.class.php 第 5 行.
SQL: SHOW COLUMNS FROM `cms_news` [ RunTime:0.0210s ]
SQL: SELECT * FROM `cms_news` WHERE `status` <> -1 ORDER BY listorder desc,news_id desc LIMIT 0,1   [ RunTime:0.0201s ]
SQL: SELECT COUNT(*) AS tp_count FROM `cms_news` WHERE `status` <> -1 LIMIT 1   [ RunTime:0.0198s ]
NOTIC: [2048] Declaration of Common\Model\MenuModel::find() should be compatible with Think\Model::find($options = Array) C:\wamp\www\Application\Common\Model\MenuModel.class.php 第 86 行.
SQL: SHOW COLUMNS FROM `cms_menu` [ RunTime:0.0225s ]
SQL: SELECT * FROM `cms_menu` WHERE `status` <> -1 AND `type` = 0 ORDER BY listorder desc,menu_id desc  [ RunTime:0.0209s ]
INFO: [ view_parse ] --START--
INFO: [ template_filter ] --START--
INFO: Run Behavior\ContentReplaceBehavior [ RunTime:0.000136s ]
INFO: [ template_filter ] --END-- [ RunTime:0.000289s ]
SQL: SELECT * FROM `cms_menu` WHERE `status` <> -1 AND `type` = 1 ORDER BY listorder desc,menu_id desc  [ RunTime:0.0203s ]
NOTIC: [8] Undefined index: a C:\wamp\www\Application\Common\Common\function.php 第 34 行.
NOTIC: [8] Undefined index: a C:\wamp\www\Application\Common\Common\function.php 第 34 行.
NOTIC: [8] Undefined index: a C:\wamp\www\Application\Common\Common\function.php 第 34 行.
INFO: Run Behavior\ParseTemplateBehavior [ RunTime:0.040468s ]
INFO: [ view_parse ] --END-- [ RunTime:0.040626s ]
INFO: [ view_filter ] --START--
INFO: Run Behavior\WriteHtmlCacheBehavior [ RunTime:0.000832s ]
INFO: [ view_filter ] --END-- [ RunTime:0.000983s ]
INFO: [ app_end ] --START--
INFO: Run Behavior\ShowPageTraceBehavior [ RunTime:0.000926s ]
INFO: [ app_end ] --END-- [ RunTime:0.001082s ]

[ 2016-07-05T22:10:20+08:00 ] ::1 /admin.php?c=content&a=edit&id=12
INFO: [ app_init ] --START--
INFO: Run Behavior\BuildLiteBehavior [ RunTime:0.000038s ]
INFO: [ app_init ] --END-- [ RunTime:0.000641s ]
INFO: [ app_begin ] --START--
INFO: Run Behavior\ReadHtmlCacheBehavior [ RunTime:0.000790s ]
INFO: [ app_begin ] --END-- [ RunTime:0.000950s ]
NOTIC: [2048] Declaration of Common\Model\NewsModel::find() should be compatible with Think\Model::find($options = Array) C:\wamp\www\Application\Common\Model\NewsModel.class.php 第 5 行.
SQL: SHOW COLUMNS FROM `cms_news` [ RunTime:0.0394s ]
SQL: SELECT * FROM `cms_news` WHERE ( news_id=12 ) LIMIT 1   [ RunTime:0.0380s ]
NOTIC: [2048] Declaration of Common\Model\NewsContentModel::find() should be compatible with Think\Model::find($options = Array) C:\wamp\www\Application\Common\Model\NewsContentModel.class.php 第 24 行.
SQL: SHOW COLUMNS FROM `cms_news_content` [ RunTime:0.0388s ]
SQL: SELECT * FROM `cms_news_content` WHERE ( news_id=12 ) LIMIT 1   [ RunTime:0.0379s ]
NOTIC: [2048] Declaration of Common\Model\MenuModel::find() should be compatible with Think\Model::find($options = Array) C:\wamp\www\Application\Common\Model\MenuModel.class.php 第 86 行.
SQL: SHOW COLUMNS FROM `cms_menu` [ RunTime:0.0388s ]
SQL: SELECT * FROM `cms_menu` WHERE `status` <> -1 AND `type` = 0 ORDER BY listorder desc,menu_id desc  [ RunTime:0.0380s ]
INFO: [ view_parse ] --START--
INFO: [ template_filter ] --START--
INFO: Run Behavior\ContentReplaceBehavior [ RunTime:0.000223s ]
INFO: [ template_filter ] --END-- [ RunTime:0.000514s ]
SQL: SELECT * FROM `cms_menu` WHERE `status` <> -1 AND `type` = 1 ORDER BY listorder desc,menu_id desc  [ RunTime:0.0378s ]
NOTIC: [8] Undefined index: a C:\wamp\www\Application\Common\Common\function.php 第 34 行.
NOTIC: [8] Undefined index: a C:\wamp\www\Application\Common\Common\function.php 第 34 行.
NOTIC: [8] Undefined index: a C:\wamp\www\Application\Common\Common\function.php 第 34 行.
NOTIC: [8] Undefined variable: copyForm C:\wamp\www\Application\Runtime\Cache\Admin\c9346596b4ea11ecbab575e85e082471.php 第 156 行.
INFO: Run Behavior\ParseTemplateBehavior [ RunTime:0.060842s ]
INFO: [ view_parse ] --END-- [ RunTime:0.061045s ]
INFO: [ view_filter ] --START--
INFO: Run Behavior\WriteHtmlCacheBehavior [ RunTime:0.000794s ]
INFO: [ view_filter ] --END-- [ RunTime:0.000940s ]
INFO: [ app_end ] --START--
INFO: Run Behavior\ShowPageTraceBehavior [ RunTime:0.001510s ]
INFO: [ app_end ] --END-- [ RunTime:0.001892s ]

[ 2016-07-05T22:12:05+08:00 ] ::1 /admin.php?c=content&a=edit&id=12
INFO: [ app_init ] --START--
INFO: Run Behavior\BuildLiteBehavior [ RunTime:0.000040s ]
INFO: [ app_init ] --END-- [ RunTime:0.000838s ]
INFO: [ app_begin ] --START--
INFO: Run Behavior\ReadHtmlCacheBehavior [ RunTime:0.000831s ]
INFO: [ app_begin ] --END-- [ RunTime:0.000992s ]
NOTIC: [2048] Declaration of Common\Model\NewsModel::find() should be compatible with Think\Model::find($options = Array) C:\wamp\www\Application\Common\Model\NewsModel.class.php 第 5 行.
SQL: SHOW COLUMNS FROM `cms_news` [ RunTime:0.0207s ]
SQL: SELECT * FROM `cms_news` WHERE ( news_id=12 ) LIMIT 1   [ RunTime:0.0197s ]
NOTIC: [2048] Declaration of Common\Model\NewsContentModel::find() should be compatible with Think\Model::find($options = Array) C:\wamp\www\Application\Common\Model\NewsContentModel.class.php 第 24 行.
SQL: SHOW COLUMNS FROM `cms_news_content` [ RunTime:0.0215s ]
SQL: SELECT * FROM `cms_news_content` WHERE ( news_id=12 ) LIMIT 1   [ RunTime:0.0192s ]
NOTIC: [2048] Declaration of Common\Model\MenuModel::find() should be compatible with Think\Model::find($options = Array) C:\wamp\www\Application\Common\Model\MenuModel.class.php 第 86 行.
SQL: SHOW COLUMNS FROM `cms_menu` [ RunTime:0.0205s ]
SQL: SELECT * FROM `cms_menu` WHERE `status` <> -1 AND `type` = 0 ORDER BY listorder desc,menu_id desc  [ RunTime:0.0201s ]
INFO: [ view_parse ] --START--
INFO: [ template_filter ] --START--
INFO: Run Behavior\ContentReplaceBehavior [ RunTime:0.000150s ]
INFO: [ template_filter ] --END-- [ RunTime:0.000318s ]
SQL: SELECT * FROM `cms_menu` WHERE `status` <> -1 AND `type` = 1 ORDER BY listorder desc,menu_id desc  [ RunTime:0.0196s ]
NOTIC: [8] Undefined index: a C:\wamp\www\Application\Common\Common\function.php 第 34 行.
NOTIC: [8] Undefined index: a C:\wamp\www\Application\Common\Common\function.php 第 34 行.
NOTIC: [8] Undefined index: a C:\wamp\www\Application\Common\Common\function.php 第 34 行.
NOTIC: [8] Undefined variable: copyForm C:\wamp\www\Application\Runtime\Cache\Admin\c9346596b4ea11ecbab575e85e082471.php 第 156 行.
INFO: Run Behavior\ParseTemplateBehavior [ RunTime:0.040712s ]
INFO: [ view_parse ] --END-- [ RunTime:0.040871s ]
INFO: [ view_filter ] --START--
INFO: Run Behavior\WriteHtmlCacheBehavior [ RunTime:0.000873s ]
INFO: [ view_filter ] --END-- [ RunTime:0.001025s ]
INFO: [ app_end ] --START--
INFO: Run Behavior\ShowPageTraceBehavior [ RunTime:0.001188s ]
INFO: [ app_end ] --END-- [ RunTime:0.001442s ]

[ 2016-07-05T22:12:36+08:00 ] ::1 /admin.php?c=content&a=edit&id=12
INFO: [ app_init ] --START--
INFO: Run Behavior\BuildLiteBehavior [ RunTime:0.000039s ]
INFO: [ app_init ] --END-- [ RunTime:0.000663s ]
INFO: [ app_begin ] --START--
INFO: Run Behavior\ReadHtmlCacheBehavior [ RunTime:0.000964s ]
INFO: [ app_begin ] --END-- [ RunTime:0.001159s ]
NOTIC: [2048] Declaration of Common\Model\NewsModel::find() should be compatible with Think\Model::find($options = Array) C:\wamp\www\Application\Common\Model\NewsModel.class.php 第 5 行.
SQL: SHOW COLUMNS FROM `cms_news` [ RunTime:0.0345s ]
SQL: SELECT * FROM `cms_news` WHERE ( news_id=12 ) LIMIT 1   [ RunTime:0.0334s ]
NOTIC: [2048] Declaration of Common\Model\NewsContentModel::find() should be compatible with Think\Model::find($options = Array) C:\wamp\www\Application\Common\Model\NewsContentModel.class.php 第 24 行.
SQL: SHOW COLUMNS FROM `cms_news_content` [ RunTime:0.0297s ]
SQL: SELECT * FROM `cms_news_content` WHERE ( news_id=12 ) LIMIT 1   [ RunTime:0.0295s ]
NOTIC: [2048] Declaration of Common\Model\MenuModel::find() should be compatible with Think\Model::find($options = Array) C:\wamp\www\Application\Common\Model\MenuModel.class.php 第 86 行.
SQL: SHOW COLUMNS FROM `cms_menu` [ RunTime:0.0293s ]
SQL: SELECT * FROM `cms_menu` WHERE `status` <> -1 AND `type` = 0 ORDER BY listorder desc,menu_id desc  [ RunTime:0.0287s ]
INFO: [ view_parse ] --START--
INFO: [ template_filter ] --START--
INFO: Run Behavior\ContentReplaceBehavior [ RunTime:0.000137s ]
INFO: [ template_filter ] --END-- [ RunTime:0.000289s ]
SQL: SELECT * FROM `cms_menu` WHERE `status` <> -1 AND `type` = 1 ORDER BY listorder desc,menu_id desc  [ RunTime:0.0298s ]
NOTIC: [8] Undefined index: a C:\wamp\www\Application\Common\Common\function.php 第 34 行.
NOTIC: [8] Undefined index: a C:\wamp\www\Application\Common\Common\function.php 第 34 行.
NOTIC: [8] Undefined index: a C:\wamp\www\Application\Common\Common\function.php 第 34 行.
NOTIC: [8] Undefined variable: copyForm C:\wamp\www\Application\Runtime\Cache\Admin\c9346596b4ea11ecbab575e85e082471.php 第 156 行.
INFO: Run Behavior\ParseTemplateBehavior [ RunTime:0.049843s ]
INFO: [ view_parse ] --END-- [ RunTime:0.050028s ]
INFO: [ view_filter ] --START--
INFO: Run Behavior\WriteHtmlCacheBehavior [ RunTime:0.000644s ]
INFO: [ view_filter ] --END-- [ RunTime:0.000791s ]
INFO: [ app_end ] --START--
INFO: Run Behavior\ShowPageTraceBehavior [ RunTime:0.000961s ]
INFO: [ app_end ] --END-- [ RunTime:0.001136s ]

[ 2016-07-05T22:14:11+08:00 ] ::1 /admin.php?c=content&a=edit&id=12
INFO: [ app_init ] --START--
INFO: Run Behavior\BuildLiteBehavior [ RunTime:0.000038s ]
INFO: [ app_init ] --END-- [ RunTime:0.000725s ]
INFO: [ app_begin ] --START--
INFO: Run Behavior\ReadHtmlCacheBehavior [ RunTime:0.000850s ]
INFO: [ app_begin ] --END-- [ RunTime:0.001194s ]
NOTIC: [2048] Declaration of Common\Model\NewsModel::find() should be compatible with Think\Model::find($options = Array) C:\wamp\www\Application\Common\Model\NewsModel.class.php 第 5 行.
SQL: SHOW COLUMNS FROM `cms_news` [ RunTime:0.0213s ]
SQL: SELECT * FROM `cms_news` WHERE ( news_id=12 ) LIMIT 1   [ RunTime:0.0204s ]
NOTIC: [2048] Declaration of Common\Model\NewsContentModel::find() should be compatible with Think\Model::find($options = Array) C:\wamp\www\Application\Common\Model\NewsContentModel.class.php 第 24 行.
SQL: SHOW COLUMNS FROM `cms_news_content` [ RunTime:0.0211s ]
SQL: SELECT * FROM `cms_news_content` WHERE ( news_id=12 ) LIMIT 1   [ RunTime:0.0199s ]
NOTIC: [2048] Declaration of Common\Model\MenuModel::find() should be compatible with Think\Model::find($options = Array) C:\wamp\www\Application\Common\Model\MenuModel.class.php 第 86 行.
SQL: SHOW COLUMNS FROM `cms_menu` [ RunTime:0.0215s ]
SQL: SELECT * FROM `cms_menu` WHERE `status` <> -1 AND `type` = 0 ORDER BY listorder desc,menu_id desc  [ RunTime:0.0198s ]
INFO: [ view_parse ] --START--
INFO: [ template_filter ] --START--
INFO: Run Behavior\ContentReplaceBehavior [ RunTime:0.000155s ]
INFO: [ template_filter ] --END-- [ RunTime:0.000317s ]
SQL: SELECT * FROM `cms_menu` WHERE `status` <> -1 AND `type` = 1 ORDER BY listorder desc,menu_id desc  [ RunTime:0.0200s ]
NOTIC: [8] Undefined index: a C:\wamp\www\Application\Common\Common\function.php 第 34 行.
NOTIC: [8] Undefined index: a C:\wamp\www\Application\Common\Common\function.php 第 34 行.
NOTIC: [8] Undefined index: a C:\wamp\www\Application\Common\Common\function.php 第 34 行.
INFO: Run Behavior\ParseTemplateBehavior [ RunTime:0.040621s ]
INFO: [ view_parse ] --END-- [ RunTime:0.040775s ]
INFO: [ view_filter ] --START--
INFO: Run Behavior\WriteHtmlCacheBehavior [ RunTime:0.000796s ]
INFO: [ view_filter ] --END-- [ RunTime:0.000937s ]
INFO: [ app_end ] --START--
INFO: Run Behavior\ShowPageTraceBehavior [ RunTime:0.001026s ]
INFO: [ app_end ] --END-- [ RunTime:0.001272s ]

[ 2016-07-05T22:17:01+08:00 ] ::1 /admin.php?c=content&a=edit&id=12
INFO: [ app_init ] --START--
INFO: Run Behavior\BuildLiteBehavior [ RunTime:0.000047s ]
INFO: [ app_init ] --END-- [ RunTime:0.000826s ]
INFO: [ app_begin ] --START--
INFO: Run Behavior\ReadHtmlCacheBehavior [ RunTime:0.001262s ]
INFO: [ app_begin ] --END-- [ RunTime:0.001640s ]
NOTIC: [2048] Declaration of Common\Model\NewsModel::find() should be compatible with Think\Model::find($options = Array) C:\wamp\www\Application\Common\Model\NewsModel.class.php 第 5 行.
SQL: SHOW COLUMNS FROM `cms_news` [ RunTime:0.0314s ]
SQL: SELECT * FROM `cms_news` WHERE ( news_id=12 ) LIMIT 1   [ RunTime:0.0302s ]
NOTIC: [2048] Declaration of Common\Model\NewsContentModel::find() should be compatible with Think\Model::find($options = Array) C:\wamp\www\Application\Common\Model\NewsContentModel.class.php 第 24 行.
SQL: SHOW COLUMNS FROM `cms_news_content` [ RunTime:0.0308s ]
SQL: SELECT * FROM `cms_news_content` WHERE ( news_id=12 ) LIMIT 1   [ RunTime:0.0298s ]
NOTIC: [2048] Declaration of Common\Model\MenuModel::find() should be compatible with Think\Model::find($options = Array) C:\wamp\www\Application\Common\Model\MenuModel.class.php 第 86 行.
SQL: SHOW COLUMNS FROM `cms_menu` [ RunTime:0.0310s ]
SQL: SELECT * FROM `cms_menu` WHERE `status` <> -1 AND `type` = 0 ORDER BY listorder desc,menu_id desc  [ RunTime:0.0298s ]
INFO: [ view_parse ] --START--
INFO: [ template_filter ] --START--
INFO: Run Behavior\ContentReplaceBehavior [ RunTime:0.000158s ]
INFO: [ template_filter ] --END-- [ RunTime:0.000329s ]
SQL: SELECT * FROM `cms_menu` WHERE `status` <> -1 AND `type` = 1 ORDER BY listorder desc,menu_id desc  [ RunTime:0.0376s ]
NOTIC: [8] Undefined index: a C:\wamp\www\Application\Common\Common\function.php 第 34 行.
NOTIC: [8] Undefined index: a C:\wamp\www\Application\Common\Common\function.php 第 34 行.
NOTIC: [8] Undefined index: a C:\wamp\www\Application\Common\Common\function.php 第 34 行.
NOTIC: [8] Array to string conversion C:\wamp\www\Application\Runtime\Cache\Admin\c9346596b4ea11ecbab575e85e082471.php 第 164 行.
INFO: Run Behavior\ParseTemplateBehavior [ RunTime:0.059229s ]
INFO: [ view_parse ] --END-- [ RunTime:0.059391s ]
INFO: [ view_filter ] --START--
INFO: Run Behavior\WriteHtmlCacheBehavior [ RunTime:0.000791s ]
INFO: [ view_filter ] --END-- [ RunTime:0.000950s ]
INFO: [ app_end ] --START--
INFO: Run Behavior\ShowPageTraceBehavior [ RunTime:0.001118s ]
INFO: [ app_end ] --END-- [ RunTime:0.001405s ]

[ 2016-07-05T22:20:37+08:00 ] ::1 /admin.php?c=content&a=edit&id=12
INFO: [ app_init ] --START--
INFO: Run Behavior\BuildLiteBehavior [ RunTime:0.000040s ]
INFO: [ app_init ] --END-- [ RunTime:0.000753s ]
INFO: [ app_begin ] --START--
INFO: Run Behavior\ReadHtmlCacheBehavior [ RunTime:0.000894s ]
INFO: [ app_begin ] --END-- [ RunTime:0.001118s ]
NOTIC: [2048] Declaration of Common\Model\NewsModel::find() should be compatible with Think\Model::find($options = Array) C:\wamp\www\Application\Common\Model\NewsModel.class.php 第 5 行.
SQL: SHOW COLUMNS FROM `cms_news` [ RunTime:0.0391s ]
SQL: SELECT * FROM `cms_news` WHERE ( news_id=12 ) LIMIT 1   [ RunTime:0.0379s ]
NOTIC: [2048] Declaration of Common\Model\NewsContentModel::find() should be compatible with Think\Model::find($options = Array) C:\wamp\www\Application\Common\Model\NewsContentModel.class.php 第 24 行.
SQL: SHOW COLUMNS FROM `cms_news_content` [ RunTime:0.0388s ]
SQL: SELECT * FROM `cms_news_content` WHERE ( news_id=12 ) LIMIT 1   [ RunTime:0.0405s ]
NOTIC: [2048] Declaration of Common\Model\MenuModel::find() should be compatible with Think\Model::find($options = Array) C:\wamp\www\Application\Common\Model\MenuModel.class.php 第 86 行.
SQL: SHOW COLUMNS FROM `cms_menu` [ RunTime:0.0425s ]
SQL: SELECT * FROM `cms_menu` WHERE `status` <> -1 AND `type` = 0 ORDER BY listorder desc,menu_id desc  [ RunTime:0.0379s ]
INFO: [ view_parse ] --START--
INFO: [ template_filter ] --START--
INFO: Run Behavior\ContentReplaceBehavior [ RunTime:0.000144s ]
INFO: [ template_filter ] --END-- [ RunTime:0.000302s ]
SQL: SELECT * FROM `cms_menu` WHERE `status` <> -1 AND `type` = 1 ORDER BY listorder desc,menu_id desc  [ RunTime:0.0381s ]
NOTIC: [8] Undefined index: a C:\wamp\www\Application\Common\Common\function.php 第 34 行.
NOTIC: [8] Undefined index: a C:\wamp\www\Application\Common\Common\function.php 第 34 行.
NOTIC: [8] Undefined index: a C:\wamp\www\Application\Common\Common\function.php 第 34 行.
NOTIC: [8] Array to string conversion C:\wamp\www\Application\Runtime\Cache\Admin\c9346596b4ea11ecbab575e85e082471.php 第 164 行.
INFO: Run Behavior\ParseTemplateBehavior [ RunTime:0.059782s ]
INFO: [ view_parse ] --END-- [ RunTime:0.059943s ]
INFO: [ view_filter ] --START--
INFO: Run Behavior\WriteHtmlCacheBehavior [ RunTime:0.000755s ]
INFO: [ view_filter ] --END-- [ RunTime:0.000909s ]
INFO: [ app_end ] --START--
INFO: Run Behavior\ShowPageTraceBehavior [ RunTime:0.001089s ]
INFO: [ app_end ] --END-- [ RunTime:0.001360s ]

[ 2016-07-05T22:21:54+08:00 ] ::1 /admin.php?c=content&a=edit&id=12
INFO: [ app_init ] --START--
INFO: Run Behavior\BuildLiteBehavior [ RunTime:0.000037s ]
INFO: [ app_init ] --END-- [ RunTime:0.000653s ]
INFO: [ app_begin ] --START--
INFO: Run Behavior\ReadHtmlCacheBehavior [ RunTime:0.000693s ]
INFO: [ app_begin ] --END-- [ RunTime:0.000866s ]
NOTIC: [2048] Declaration of Common\Model\NewsModel::find() should be compatible with Think\Model::find($options = Array) C:\wamp\www\Application\Common\Model\NewsModel.class.php 第 5 行.
SQL: SHOW COLUMNS FROM `cms_news` [ RunTime:0.0354s ]
SQL: SELECT * FROM `cms_news` WHERE ( news_id=12 ) LIMIT 1   [ RunTime:0.0349s ]
NOTIC: [2048] Declaration of Common\Model\NewsContentModel::find() should be compatible with Think\Model::find($options = Array) C:\wamp\www\Application\Common\Model\NewsContentModel.class.php 第 24 行.
SQL: SHOW COLUMNS FROM `cms_news_content` [ RunTime:0.0374s ]
SQL: SELECT * FROM `cms_news_content` WHERE ( news_id=12 ) LIMIT 1   [ RunTime:0.0346s ]
NOTIC: [2048] Declaration of Common\Model\MenuModel::find() should be compatible with Think\Model::find($options = Array) C:\wamp\www\Application\Common\Model\MenuModel.class.php 第 86 行.
SQL: SHOW COLUMNS FROM `cms_menu` [ RunTime:0.0438s ]
SQL: SELECT * FROM `cms_menu` WHERE `status` <> -1 AND `type` = 0 ORDER BY listorder desc,menu_id desc  [ RunTime:0.0348s ]
INFO: [ view_parse ] --START--
INFO: [ template_filter ] --START--
INFO: Run Behavior\ContentReplaceBehavior [ RunTime:0.000142s ]
INFO: [ template_filter ] --END-- [ RunTime:0.000350s ]
SQL: SELECT * FROM `cms_menu` WHERE `status` <> -1 AND `type` = 1 ORDER BY listorder desc,menu_id desc  [ RunTime:0.0348s ]
NOTIC: [8] Undefined index: a C:\wamp\www\Application\Common\Common\function.php 第 34 行.
NOTIC: [8] Undefined index: a C:\wamp\www\Application\Common\Common\function.php 第 34 行.
NOTIC: [8] Undefined index: a C:\wamp\www\Application\Common\Common\function.php 第 34 行.
INFO: Run Behavior\ParseTemplateBehavior [ RunTime:0.055557s ]
INFO: [ view_parse ] --END-- [ RunTime:0.055726s ]
INFO: [ view_filter ] --START--
INFO: Run Behavior\WriteHtmlCacheBehavior [ RunTime:0.000648s ]
INFO: [ view_filter ] --END-- [ RunTime:0.000789s ]
INFO: [ app_end ] --START--
INFO: Run Behavior\ShowPageTraceBehavior [ RunTime:0.001207s ]
INFO: [ app_end ] --END-- [ RunTime:0.001525s ]

[ 2016-07-05T22:22:12+08:00 ] ::1 /admin.php?c=content&a=edit&id=12
INFO: [ app_init ] --START--
INFO: Run Behavior\BuildLiteBehavior [ RunTime:0.000040s ]
INFO: [ app_init ] --END-- [ RunTime:0.000691s ]
INFO: [ app_begin ] --START--
INFO: Run Behavior\ReadHtmlCacheBehavior [ RunTime:0.000829s ]
INFO: [ app_begin ] --END-- [ RunTime:0.001019s ]
NOTIC: [2048] Declaration of Common\Model\NewsModel::find() should be compatible with Think\Model::find($options = Array) C:\wamp\www\Application\Common\Model\NewsModel.class.php 第 5 行.
SQL: SHOW COLUMNS FROM `cms_news` [ RunTime:0.0403s ]
SQL: SELECT * FROM `cms_news` WHERE ( news_id=12 ) LIMIT 1   [ RunTime:0.0387s ]
NOTIC: [2048] Declaration of Common\Model\NewsContentModel::find() should be compatible with Think\Model::find($options = Array) C:\wamp\www\Application\Common\Model\NewsContentModel.class.php 第 24 行.
SQL: SHOW COLUMNS FROM `cms_news_content` [ RunTime:0.0397s ]
SQL: SELECT * FROM `cms_news_content` WHERE ( news_id=12 ) LIMIT 1   [ RunTime:0.0384s ]
NOTIC: [2048] Declaration of Common\Model\MenuModel::find() should be compatible with Think\Model::find($options = Array) C:\wamp\www\Application\Common\Model\MenuModel.class.php 第 86 行.
SQL: SHOW COLUMNS FROM `cms_menu` [ RunTime:0.0427s ]
SQL: SELECT * FROM `cms_menu` WHERE `status` <> -1 AND `type` = 0 ORDER BY listorder desc,menu_id desc  [ RunTime:0.0389s ]
INFO: [ view_parse ] --START--
INFO: [ template_filter ] --START--
INFO: Run Behavior\ContentReplaceBehavior [ RunTime:0.000145s ]
INFO: [ template_filter ] --END-- [ RunTime:0.000303s ]
SQL: SELECT * FROM `cms_menu` WHERE `status` <> -1 AND `type` = 1 ORDER BY listorder desc,menu_id desc  [ RunTime:0.0416s ]
NOTIC: [8] Undefined index: a C:\wamp\www\Application\Common\Common\function.php 第 34 行.
NOTIC: [8] Undefined index: a C:\wamp\www\Application\Common\Common\function.php 第 34 行.
NOTIC: [8] Undefined index: a C:\wamp\www\Application\Common\Common\function.php 第 34 行.
NOTIC: [8] Array to string conversion C:\wamp\www\Application\Runtime\Cache\Admin\c9346596b4ea11ecbab575e85e082471.php 第 164 行.
INFO: Run Behavior\ParseTemplateBehavior [ RunTime:0.063164s ]
INFO: [ view_parse ] --END-- [ RunTime:0.063321s ]
INFO: [ view_filter ] --START--
INFO: Run Behavior\WriteHtmlCacheBehavior [ RunTime:0.000653s ]
INFO: [ view_filter ] --END-- [ RunTime:0.000799s ]
INFO: [ app_end ] --START--
INFO: Run Behavior\ShowPageTraceBehavior [ RunTime:0.000810s ]
INFO: [ app_end ] --END-- [ RunTime:0.000977s ]

[ 2016-07-05T22:23:17+08:00 ] ::1 /admin.php?c=content&a=edit&id=12
INFO: [ app_init ] --START--
INFO: Run Behavior\BuildLiteBehavior [ RunTime:0.000039s ]
INFO: [ app_init ] --END-- [ RunTime:0.000810s ]
INFO: [ app_begin ] --START--
INFO: Run Behavior\ReadHtmlCacheBehavior [ RunTime:0.000879s ]
INFO: [ app_begin ] --END-- [ RunTime:0.001054s ]
NOTIC: [2048] Declaration of Common\Model\NewsModel::find() should be compatible with Think\Model::find($options = Array) C:\wamp\www\Application\Common\Model\NewsModel.class.php 第 5 行.
SQL: SHOW COLUMNS FROM `cms_news` [ RunTime:0.0302s ]
SQL: SELECT * FROM `cms_news` WHERE ( news_id=12 ) LIMIT 1   [ RunTime:0.0288s ]
NOTIC: [2048] Declaration of Common\Model\NewsContentModel::find() should be compatible with Think\Model::find($options = Array) C:\wamp\www\Application\Common\Model\NewsContentModel.class.php 第 24 行.
SQL: SHOW COLUMNS FROM `cms_news_content` [ RunTime:0.0298s ]
SQL: SELECT * FROM `cms_news_content` WHERE ( news_id=12 ) LIMIT 1   [ RunTime:0.0287s ]
NOTIC: [2048] Declaration of Common\Model\MenuModel::find() should be compatible with Think\Model::find($options = Array) C:\wamp\www\Application\Common\Model\MenuModel.class.php 第 86 行.
SQL: SHOW COLUMNS FROM `cms_menu` [ RunTime:0.0293s ]
SQL: SELECT * FROM `cms_menu` WHERE `status` <> -1 AND `type` = 0 ORDER BY listorder desc,menu_id desc  [ RunTime:0.0287s ]
INFO: [ view_parse ] --START--
INFO: [ template_filter ] --START--
INFO: Run Behavior\ContentReplaceBehavior [ RunTime:0.000141s ]
INFO: [ template_filter ] --END-- [ RunTime:0.000293s ]
SQL: SELECT * FROM `cms_menu` WHERE `status` <> -1 AND `type` = 1 ORDER BY listorder desc,menu_id desc  [ RunTime:0.0286s ]
NOTIC: [8] Undefined index: a C:\wamp\www\Application\Common\Common\function.php 第 34 行.
NOTIC: [8] Undefined index: a C:\wamp\www\Application\Common\Common\function.php 第 34 行.
NOTIC: [8] Undefined index: a C:\wamp\www\Application\Common\Common\function.php 第 34 行.
NOTIC: [8] Array to string conversion C:\wamp\www\Application\Runtime\Cache\Admin\c9346596b4ea11ecbab575e85e082471.php 第 164 行.
INFO: Run Behavior\ParseTemplateBehavior [ RunTime:0.049362s ]
INFO: [ view_parse ] --END-- [ RunTime:0.049512s ]
INFO: [ view_filter ] --START--
INFO: Run Behavior\WriteHtmlCacheBehavior [ RunTime:0.000803s ]
INFO: [ view_filter ] --END-- [ RunTime:0.000942s ]
INFO: [ app_end ] --START--
INFO: Run Behavior\ShowPageTraceBehavior [ RunTime:0.001047s ]
INFO: [ app_end ] --END-- [ RunTime:0.001267s ]

[ 2016-07-05T22:23:49+08:00 ] ::1 /admin.php?c=content&a=edit&id=12
INFO: [ app_init ] --START--
INFO: Run Behavior\BuildLiteBehavior [ RunTime:0.000038s ]
INFO: [ app_init ] --END-- [ RunTime:0.000615s ]
INFO: [ app_begin ] --START--
INFO: Run Behavior\ReadHtmlCacheBehavior [ RunTime:0.000749s ]
INFO: [ app_begin ] --END-- [ RunTime:0.000909s ]
NOTIC: [2048] Declaration of Common\Model\NewsModel::find() should be compatible with Think\Model::find($options = Array) C:\wamp\www\Application\Common\Model\NewsModel.class.php 第 5 行.
SQL: SHOW COLUMNS FROM `cms_news` [ RunTime:0.0266s ]
SQL: SELECT * FROM `cms_news` WHERE ( news_id=12 ) LIMIT 1   [ RunTime:0.0448s ]
NOTIC: [2048] Declaration of Common\Model\NewsContentModel::find() should be compatible with Think\Model::find($options = Array) C:\wamp\www\Application\Common\Model\NewsContentModel.class.php 第 24 行.
SQL: SHOW COLUMNS FROM `cms_news_content` [ RunTime:0.0262s ]
SQL: SELECT * FROM `cms_news_content` WHERE ( news_id=12 ) LIMIT 1   [ RunTime:0.0253s ]
NOTIC: [2048] Declaration of Common\Model\MenuModel::find() should be compatible with Think\Model::find($options = Array) C:\wamp\www\Application\Common\Model\MenuModel.class.php 第 86 行.
SQL: SHOW COLUMNS FROM `cms_menu` [ RunTime:0.0261s ]
SQL: SELECT * FROM `cms_menu` WHERE `status` <> -1 AND `type` = 0 ORDER BY listorder desc,menu_id desc  [ RunTime:0.0248s ]
INFO: [ view_parse ] --START--
INFO: [ template_filter ] --START--
INFO: Run Behavior\ContentReplaceBehavior [ RunTime:0.000153s ]
INFO: [ template_filter ] --END-- [ RunTime:0.000321s ]
SQL: SELECT * FROM `cms_menu` WHERE `status` <> -1 AND `type` = 1 ORDER BY listorder desc,menu_id desc  [ RunTime:0.0249s ]
NOTIC: [8] Undefined index: a C:\wamp\www\Application\Common\Common\function.php 第 34 行.
NOTIC: [8] Undefined index: a C:\wamp\www\Application\Common\Common\function.php 第 34 行.
NOTIC: [8] Undefined index: a C:\wamp\www\Application\Common\Common\function.php 第 34 行.
INFO: Run Behavior\ParseTemplateBehavior [ RunTime:0.045776s ]
INFO: [ view_parse ] --END-- [ RunTime:0.045923s ]
INFO: [ view_filter ] --START--
INFO: Run Behavior\WriteHtmlCacheBehavior [ RunTime:0.000710s ]
INFO: [ view_filter ] --END-- [ RunTime:0.000857s ]
INFO: [ app_end ] --START--
INFO: Run Behavior\ShowPageTraceBehavior [ RunTime:0.000997s ]
INFO: [ app_end ] --END-- [ RunTime:0.001278s ]

